<?xml version="1.0" encoding="UTF-8"?>
<coverage generated="1774727254939" clover="3.2.0">
  <project timestamp="1774727254939" name="All files">
    <metrics statements="326" coveredstatements="269" conditionals="477" coveredconditionals="385" methods="95" coveredmethods="78" elements="898" coveredelements="732" complexity="0" loc="326" ncloc="326" packages="4" files="16" classes="16"/>
    <package name="api">
      <metrics statements="124" coveredstatements="111" conditionals="289" coveredconditionals="250" methods="35" coveredmethods="34"/>
      <file name="account.js" path="/Applications/XAMPP/xamppfiles/htdocs/myuzeTV-App/api/account.js">
        <metrics statements="4" coveredstatements="2" conditionals="0" coveredconditionals="0" methods="2" coveredmethods="1"/>
        <line num="16" count="0" type="stmt"/>
        <line num="17" count="0" type="stmt"/>
        <line num="27" count="2" type="stmt"/>
        <line num="28" count="1" type="stmt"/>
      </file>
      <file name="dramas.js" path="/Applications/XAMPP/xamppfiles/htdocs/myuzeTV-App/api/dramas.js">
        <metrics statements="58" coveredstatements="57" conditionals="151" coveredconditionals="134" methods="16" coveredmethods="16"/>
        <line num="4" count="1" type="cond" truecount="3" falsecount="0"/>
        <line num="6" count="1" type="stmt"/>
        <line num="8" count="1" type="cond" truecount="3" falsecount="1"/>
        <line num="13" count="63" type="cond" truecount="4" falsecount="0"/>
        <line num="14" count="15" type="stmt"/>
        <line num="15" count="15" type="cond" truecount="1" falsecount="1"/>
        <line num="16" count="15" type="cond" truecount="4" falsecount="0"/>
        <line num="17" count="13" type="stmt"/>
        <line num="19" count="2" type="cond" truecount="2" falsecount="0"/>
        <line num="20" count="1" type="stmt"/>
        <line num="22" count="1" type="cond" truecount="1" falsecount="1"/>
        <line num="23" count="1" type="stmt"/>
        <line num="25" count="0" type="stmt"/>
        <line num="29" count="12" type="cond" truecount="2" falsecount="0"/>
        <line num="30" count="12" type="stmt"/>
        <line num="37" count="15" type="cond" truecount="2" falsecount="1"/>
        <line num="39" count="15" type="cond" truecount="11" falsecount="0"/>
        <line num="50" count="15" type="stmt"/>
        <line num="51" count="15" type="stmt"/>
        <line num="69" count="11" type="stmt"/>
        <line num="70" count="11" type="cond" truecount="5" falsecount="0"/>
        <line num="71" count="11" type="stmt"/>
        <line num="87" count="4" type="stmt"/>
        <line num="93" count="1" type="cond" truecount="1" falsecount="1"/>
        <line num="102" count="3" type="stmt"/>
        <line num="103" count="3" type="cond" truecount="4" falsecount="0"/>
        <line num="104" count="3" type="stmt"/>
        <line num="118" count="2" type="stmt"/>
        <line num="119" count="1" type="stmt"/>
        <line num="134" count="24" type="cond" truecount="2" falsecount="0"/>
        <line num="144" count="16" type="cond" truecount="2" falsecount="2"/>
        <line num="145" count="16" type="stmt"/>
        <line num="146" count="16" type="stmt"/>
        <line num="147" count="16" type="stmt"/>
        <line num="157" count="12" type="cond" truecount="2" falsecount="0"/>
        <line num="158" count="10" type="stmt"/>
        <line num="159" count="10" type="cond" truecount="1" falsecount="1"/>
        <line num="169" count="36" type="cond" truecount="2" falsecount="0"/>
        <line num="170" count="30" type="cond" truecount="2" falsecount="0"/>
        <line num="171" count="29" type="cond" truecount="2" falsecount="0"/>
        <line num="172" count="10" type="stmt"/>
        <line num="182" count="12" type="stmt"/>
        <line num="183" count="12" type="cond" truecount="2" falsecount="0"/>
        <line num="185" count="12" type="cond" truecount="3" falsecount="0"/>
        <line num="187" count="12" type="cond" truecount="11" falsecount="0"/>
        <line num="198" count="12" type="cond" truecount="2" falsecount="0"/>
        <line num="200" count="12" type="cond" truecount="3" falsecount="0"/>
        <line num="201" count="12" type="cond" truecount="2" falsecount="0"/>
        <line num="204" count="19" type="stmt"/>
        <line num="207" count="12" type="cond" truecount="2" falsecount="0"/>
        <line num="208" count="12" type="cond" truecount="2" falsecount="0"/>
        <line num="210" count="12" type="stmt"/>
        <line num="211" count="16" type="cond" truecount="2" falsecount="2"/>
        <line num="213" count="24" type="cond" truecount="1" falsecount="3"/>
        <line num="215" count="24" type="cond" truecount="4" falsecount="0"/>
        <line num="216" count="24" type="cond" truecount="2" falsecount="0"/>
        <line num="218" count="24" type="stmt"/>
        <line num="234" count="12" type="stmt"/>
      </file>
      <file name="episodes.js" path="/Applications/XAMPP/xamppfiles/htdocs/myuzeTV-App/api/episodes.js">
        <metrics statements="3" coveredstatements="3" conditionals="7" coveredconditionals="7" methods="1" coveredmethods="1"/>
        <line num="9" count="11" type="stmt"/>
        <line num="10" count="10" type="cond" truecount="2" falsecount="0"/>
        <line num="11" count="9" type="cond" truecount="5" falsecount="0"/>
      </file>
      <file name="rails.js" path="/Applications/XAMPP/xamppfiles/htdocs/myuzeTV-App/api/rails.js">
        <metrics statements="28" coveredstatements="23" conditionals="67" coveredconditionals="55" methods="8" coveredmethods="8"/>
        <line num="4" count="1" type="cond" truecount="3" falsecount="0"/>
        <line num="6" count="1" type="stmt"/>
        <line num="8" count="1" type="cond" truecount="3" falsecount="1"/>
        <line num="13" count="15" type="cond" truecount="4" falsecount="0"/>
        <line num="14" count="3" type="stmt"/>
        <line num="15" count="3" type="cond" truecount="1" falsecount="1"/>
        <line num="16" count="3" type="cond" truecount="3" falsecount="1"/>
        <line num="17" count="3" type="stmt"/>
        <line num="19" count="0" type="cond" truecount="0" falsecount="2"/>
        <line num="20" count="0" type="stmt"/>
        <line num="22" count="0" type="cond" truecount="0" falsecount="2"/>
        <line num="23" count="0" type="stmt"/>
        <line num="25" count="0" type="stmt"/>
        <line num="29" count="12" type="cond" truecount="1" falsecount="1"/>
        <line num="30" count="12" type="stmt"/>
        <line num="34" count="14" type="stmt"/>
        <line num="35" count="13" type="cond" truecount="4" falsecount="0"/>
        <line num="37" count="13" type="stmt"/>
        <line num="38" count="17" type="cond" truecount="2" falsecount="0"/>
        <line num="39" count="15" type="stmt"/>
        <line num="41" count="14" type="stmt"/>
        <line num="42" count="15" type="cond" truecount="2" falsecount="1"/>
        <line num="44" count="15" type="cond" truecount="11" falsecount="0"/>
        <line num="55" count="15" type="stmt"/>
        <line num="56" count="15" type="stmt"/>
        <line num="69" count="14" type="stmt"/>
        <line num="80" count="13" type="cond" truecount="3" falsecount="1"/>
        <line num="81" count="13" type="stmt"/>
      </file>
      <file name="subscription.js" path="/Applications/XAMPP/xamppfiles/htdocs/myuzeTV-App/api/subscription.js">
        <metrics statements="5" coveredstatements="5" conditionals="8" coveredconditionals="8" methods="2" coveredmethods="2"/>
        <line num="11" count="9" type="stmt"/>
        <line num="14" count="8" type="cond" truecount="2" falsecount="0"/>
        <line num="21" count="8" type="stmt"/>
        <line num="31" count="4" type="stmt"/>
        <line num="32" count="3" type="cond" truecount="2" falsecount="0"/>
      </file>
      <file name="watchlist.js" path="/Applications/XAMPP/xamppfiles/htdocs/myuzeTV-App/api/watchlist.js">
        <metrics statements="26" coveredstatements="21" conditionals="56" coveredconditionals="46" methods="6" coveredmethods="6"/>
        <line num="4" count="1" type="cond" truecount="3" falsecount="0"/>
        <line num="6" count="1" type="stmt"/>
        <line num="8" count="1" type="cond" truecount="3" falsecount="1"/>
        <line num="13" count="16" type="cond" truecount="4" falsecount="0"/>
        <line num="14" count="4" type="stmt"/>
        <line num="15" count="4" type="cond" truecount="1" falsecount="1"/>
        <line num="16" count="4" type="cond" truecount="3" falsecount="1"/>
        <line num="17" count="4" type="stmt"/>
        <line num="19" count="0" type="cond" truecount="0" falsecount="2"/>
        <line num="20" count="0" type="stmt"/>
        <line num="22" count="0" type="cond" truecount="0" falsecount="2"/>
        <line num="23" count="0" type="stmt"/>
        <line num="25" count="0" type="stmt"/>
        <line num="29" count="12" type="cond" truecount="1" falsecount="1"/>
        <line num="30" count="12" type="stmt"/>
        <line num="37" count="11" type="stmt"/>
        <line num="38" count="10" type="cond" truecount="4" falsecount="0"/>
        <line num="40" count="10" type="stmt"/>
        <line num="41" count="16" type="cond" truecount="2" falsecount="1"/>
        <line num="43" count="16" type="cond" truecount="11" falsecount="0"/>
        <line num="54" count="16" type="stmt"/>
        <line num="56" count="16" type="stmt"/>
        <line num="75" count="3" type="stmt"/>
        <line num="76" count="2" type="stmt"/>
        <line num="84" count="3" type="stmt"/>
        <line num="85" count="2" type="stmt"/>
      </file>
    </package>
    <package name="components">
      <metrics statements="140" coveredstatements="108" conditionals="151" coveredconditionals="102" methods="49" coveredmethods="34"/>
      <file name="BottomNav.tsx" path="/Applications/XAMPP/xamppfiles/htdocs/myuzeTV-App/components/BottomNav.tsx">
        <metrics statements="6" coveredstatements="6" conditionals="8" coveredconditionals="8" methods="3" coveredmethods="3"/>
        <line num="5" count="1" type="stmt"/>
        <line num="18" count="8" type="stmt"/>
        <line num="20" count="8" type="stmt"/>
        <line num="24" count="24" type="stmt"/>
        <line num="25" count="24" type="stmt"/>
        <line num="29" count="3" type="stmt"/>
      </file>
      <file name="DramaDetailScreen.tsx" path="/Applications/XAMPP/xamppfiles/htdocs/myuzeTV-App/components/DramaDetailScreen.tsx">
        <metrics statements="98" coveredstatements="68" conditionals="123" coveredconditionals="74" methods="31" coveredmethods="17"/>
        <line num="12" count="20" type="cond" truecount="1" falsecount="1"/>
        <line num="13" count="20" type="stmt"/>
        <line num="14" count="20" type="cond" truecount="1" falsecount="1"/>
        <line num="15" count="20" type="stmt"/>
        <line num="16" count="20" type="cond" truecount="2" falsecount="0"/>
        <line num="17" count="19" type="cond" truecount="1" falsecount="1"/>
        <line num="18" count="19" type="stmt"/>
        <line num="23" count="19" type="cond" truecount="1" falsecount="1"/>
        <line num="24" count="19" type="cond" truecount="2" falsecount="0"/>
        <line num="25" count="18" type="stmt"/>
        <line num="69" count="1" type="stmt"/>
        <line num="72" count="42" type="stmt"/>
        <line num="79" count="60" type="cond" truecount="1" falsecount="1"/>
        <line num="80" count="60" type="cond" truecount="1" falsecount="1"/>
        <line num="81" count="0" type="stmt"/>
        <line num="83" count="0" type="stmt"/>
        <line num="91" count="40" type="cond" truecount="1" falsecount="3"/>
        <line num="94" count="40" type="stmt"/>
        <line num="95" count="116" type="cond" truecount="3" falsecount="2"/>
        <line num="96" count="0" type="stmt"/>
        <line num="98" count="116" type="stmt"/>
        <line num="101" count="40" type="cond" truecount="2" falsecount="2"/>
        <line num="102" count="0" type="stmt"/>
        <line num="103" count="0" type="stmt"/>
        <line num="107" count="40" type="cond" truecount="1" falsecount="1"/>
        <line num="108" count="0" type="stmt"/>
        <line num="112" count="40" type="stmt"/>
        <line num="113" count="40" type="cond" truecount="1" falsecount="1"/>
        <line num="114" count="40" type="stmt"/>
        <line num="117" count="0" type="cond" truecount="0" falsecount="2"/>
        <line num="127" count="40" type="cond" truecount="1" falsecount="1"/>
        <line num="129" count="40" type="stmt"/>
        <line num="130" count="116" type="cond" truecount="3" falsecount="2"/>
        <line num="131" count="0" type="stmt"/>
        <line num="133" count="116" type="stmt"/>
        <line num="136" count="40" type="cond" truecount="2" falsecount="2"/>
        <line num="137" count="0" type="stmt"/>
        <line num="138" count="0" type="stmt"/>
        <line num="144" count="40" type="stmt"/>
        <line num="145" count="40" type="stmt"/>
        <line num="156" count="2" type="stmt"/>
        <line num="157" count="2" type="stmt"/>
        <line num="159" count="2" type="stmt"/>
        <line num="210" count="8" type="stmt"/>
        <line num="244" count="58" type="cond" truecount="2" falsecount="0"/>
        <line num="245" count="58" type="stmt"/>
        <line num="247" count="58" type="stmt"/>
        <line num="320" count="20" type="stmt"/>
        <line num="321" count="20" type="cond" truecount="2" falsecount="0"/>
        <line num="323" count="19" type="stmt"/>
        <line num="326" count="38" type="stmt"/>
        <line num="349" count="42" type="stmt"/>
        <line num="350" count="42" type="stmt"/>
        <line num="351" count="42" type="stmt"/>
        <line num="352" count="42" type="stmt"/>
        <line num="354" count="42" type="stmt"/>
        <line num="355" count="42" type="stmt"/>
        <line num="356" count="42" type="stmt"/>
        <line num="357" count="42" type="stmt"/>
        <line num="358" count="42" type="stmt"/>
        <line num="361" count="42" type="stmt"/>
        <line num="362" count="42" type="stmt"/>
        <line num="367" count="42" type="cond" truecount="4" falsecount="0"/>
        <line num="368" count="2" type="stmt"/>
        <line num="372" count="40" type="cond" truecount="4" falsecount="0"/>
        <line num="373" count="20" type="stmt"/>
        <line num="374" count="20" type="stmt"/>
        <line num="375" count="20" type="stmt"/>
        <line num="378" count="40" type="stmt"/>
        <line num="379" count="40" type="stmt"/>
        <line num="380" count="40" type="stmt"/>
        <line num="381" count="40" type="stmt"/>
        <line num="383" count="40" type="stmt"/>
        <line num="384" count="0" type="stmt"/>
        <line num="385" count="0" type="stmt"/>
        <line num="393" count="40" type="stmt"/>
        <line num="394" count="0" type="cond" truecount="0" falsecount="2"/>
        <line num="395" count="0" type="stmt"/>
        <line num="396" count="0" type="stmt"/>
        <line num="405" count="40" type="stmt"/>
        <line num="406" count="0" type="stmt"/>
        <line num="409" count="40" type="stmt"/>
        <line num="435" count="0" type="cond" truecount="0" falsecount="2"/>
        <line num="436" count="0" type="stmt"/>
        <line num="438" count="0" type="stmt"/>
        <line num="468" count="0" type="stmt"/>
        <line num="469" count="0" type="stmt"/>
        <line num="470" count="0" type="cond" truecount="0" falsecount="2"/>
        <line num="472" count="0" type="stmt"/>
        <line num="476" count="0" type="stmt"/>
        <line num="507" count="0" type="stmt"/>
        <line num="513" count="0" type="stmt"/>
        <line num="579" count="0" type="cond" truecount="0" falsecount="2"/>
        <line num="602" count="0" type="stmt"/>
        <line num="622" count="116" type="stmt"/>
        <line num="625" count="0" type="stmt"/>
        <line num="643" count="1" type="stmt"/>
        <line num="644" count="0" type="stmt"/>
      </file>
      <file name="GenreChips.tsx" path="/Applications/XAMPP/xamppfiles/htdocs/myuzeTV-App/components/GenreChips.tsx">
        <metrics statements="5" coveredstatements="5" conditionals="4" coveredconditionals="4" methods="3" coveredmethods="3"/>
        <line num="3" count="1" type="stmt"/>
        <line num="18" count="3" type="stmt"/>
        <line num="26" count="18" type="stmt"/>
        <line num="28" count="18" type="stmt"/>
        <line num="31" count="2" type="stmt"/>
      </file>
      <file name="SkeletonBox.tsx" path="/Applications/XAMPP/xamppfiles/htdocs/myuzeTV-App/components/SkeletonBox.tsx">
        <metrics statements="10" coveredstatements="8" conditionals="1" coveredconditionals="1" methods="3" coveredmethods="2"/>
        <line num="12" count="1" type="stmt"/>
        <line num="13" count="1" type="stmt"/>
        <line num="14" count="1" type="stmt"/>
        <line num="29" count="3" type="stmt"/>
        <line num="31" count="3" type="stmt"/>
        <line num="32" count="3" type="stmt"/>
        <line num="42" count="3" type="stmt"/>
        <line num="43" count="0" type="stmt"/>
        <line num="45" count="0" type="stmt"/>
        <line num="51" count="3" type="stmt"/>
      </file>
      <file name="StarRating.tsx" path="/Applications/XAMPP/xamppfiles/htdocs/myuzeTV-App/components/StarRating.tsx">
        <metrics statements="18" coveredstatements="18" conditionals="11" coveredconditionals="11" methods="7" coveredmethods="7"/>
        <line num="4" count="1" type="stmt"/>
        <line num="5" count="1" type="stmt"/>
        <line num="6" count="1" type="stmt"/>
        <line num="15" count="5" type="stmt"/>
        <line num="17" count="5" type="stmt"/>
        <line num="18" count="25" type="cond" truecount="2" falsecount="0"/>
        <line num="19" count="9" type="cond" truecount="2" falsecount="0"/>
        <line num="20" count="8" type="stmt"/>
        <line num="25" count="17" type="stmt"/>
        <line num="29" count="9" type="stmt"/>
        <line num="33" count="1" type="stmt"/>
        <line num="48" count="5" type="stmt"/>
        <line num="49" count="5" type="stmt"/>
        <line num="51" count="5" type="stmt"/>
        <line num="55" count="25" type="stmt"/>
        <line num="56" count="25" type="cond" truecount="2" falsecount="0"/>
        <line num="57" count="9" type="cond" truecount="2" falsecount="0"/>
        <line num="58" count="8" type="stmt"/>
      </file>
      <file name="WatchlistCard.tsx" path="/Applications/XAMPP/xamppfiles/htdocs/myuzeTV-App/components/WatchlistCard.tsx">
        <metrics statements="3" coveredstatements="3" conditionals="4" coveredconditionals="4" methods="2" coveredmethods="2"/>
        <line num="15" count="9" type="stmt"/>
        <line num="38" count="1" type="stmt"/>
        <line num="39" count="1" type="stmt"/>
      </file>
    </package>
    <package name="hooks">
      <metrics statements="15" coveredstatements="15" conditionals="8" coveredconditionals="8" methods="2" coveredmethods="2"/>
      <file name="usePlaybackRequest.ts" path="/Applications/XAMPP/xamppfiles/htdocs/myuzeTV-App/hooks/usePlaybackRequest.ts">
        <metrics statements="15" coveredstatements="15" conditionals="8" coveredconditionals="8" methods="2" coveredmethods="2"/>
        <line num="12" count="7" type="stmt"/>
        <line num="13" count="7" type="stmt"/>
        <line num="15" count="7" type="stmt"/>
        <line num="20" count="7" type="stmt"/>
        <line num="21" count="7" type="stmt"/>
        <line num="22" count="7" type="stmt"/>
        <line num="25" count="7" type="cond" truecount="4" falsecount="0"/>
        <line num="26" count="2" type="cond" truecount="2" falsecount="0"/>
        <line num="27" count="1" type="stmt"/>
        <line num="29" count="1" type="stmt"/>
        <line num="31" count="2" type="stmt"/>
        <line num="34" count="5" type="cond" truecount="2" falsecount="0"/>
        <line num="35" count="1" type="stmt"/>
        <line num="36" count="1" type="stmt"/>
        <line num="39" count="4" type="stmt"/>
      </file>
    </package>
    <package name="lib">
      <metrics statements="47" coveredstatements="35" conditionals="29" coveredconditionals="25" methods="9" coveredmethods="8"/>
      <file name="auth-invalid.js" path="/Applications/XAMPP/xamppfiles/htdocs/myuzeTV-App/lib/auth-invalid.js">
        <metrics statements="6" coveredstatements="6" conditionals="2" coveredconditionals="2" methods="3" coveredmethods="3"/>
        <line num="5" count="8" type="stmt"/>
        <line num="8" count="8" type="stmt"/>
        <line num="9" count="8" type="stmt"/>
        <line num="10" count="2" type="stmt"/>
        <line num="15" count="10" type="cond" truecount="2" falsecount="0"/>
        <line num="16" count="7" type="stmt"/>
      </file>
      <file name="auth-storage.js" path="/Applications/XAMPP/xamppfiles/htdocs/myuzeTV-App/lib/auth-storage.js">
        <metrics statements="32" coveredstatements="22" conditionals="22" coveredconditionals="18" methods="5" coveredmethods="4"/>
        <line num="3" count="1" type="stmt"/>
        <line num="11" count="8" type="cond" truecount="4" falsecount="0"/>
        <line num="12" count="3" type="stmt"/>
        <line num="15" count="5" type="cond" truecount="2" falsecount="0"/>
        <line num="16" count="5" type="cond" truecount="2" falsecount="0"/>
        <line num="17" count="4" type="stmt"/>
        <line num="25" count="4" type="cond" truecount="1" falsecount="1"/>
        <line num="26" count="4" type="stmt"/>
        <line num="27" count="4" type="stmt"/>
        <line num="28" count="4" type="cond" truecount="2" falsecount="0"/>
        <line num="29" count="4" type="stmt"/>
        <line num="32" count="0" type="stmt"/>
        <line num="33" count="0" type="stmt"/>
        <line num="34" count="0" type="stmt"/>
        <line num="36" count="0" type="stmt"/>
        <line num="44" count="4" type="cond" truecount="2" falsecount="0"/>
        <line num="45" count="4" type="cond" truecount="1" falsecount="1"/>
        <line num="46" count="4" type="stmt"/>
        <line num="47" count="4" type="cond" truecount="2" falsecount="0"/>
        <line num="48" count="2" type="stmt"/>
        <line num="50" count="2" type="stmt"/>
        <line num="52" count="4" type="stmt"/>
        <line num="55" count="0" type="stmt"/>
        <line num="56" count="0" type="stmt"/>
        <line num="57" count="0" type="cond" truecount="0" falsecount="2"/>
        <line num="58" count="0" type="stmt"/>
        <line num="60" count="0" type="stmt"/>
        <line num="75" count="3" type="stmt"/>
        <line num="76" count="3" type="cond" truecount="2" falsecount="0"/>
        <line num="78" count="2" type="stmt"/>
        <line num="79" count="2" type="stmt"/>
        <line num="86" count="0" type="stmt"/>
      </file>
      <file name="date-utils.ts" path="/Applications/XAMPP/xamppfiles/htdocs/myuzeTV-App/lib/date-utils.ts">
        <metrics statements="9" coveredstatements="7" conditionals="5" coveredconditionals="5" methods="1" coveredmethods="1"/>
        <line num="8" count="10" type="cond" truecount="2" falsecount="0"/>
        <line num="10" count="8" type="stmt"/>
        <line num="11" count="8" type="stmt"/>
        <line num="12" count="8" type="stmt"/>
        <line num="13" count="8" type="stmt"/>
        <line num="14" count="8" type="stmt"/>
        <line num="16" count="8" type="cond" truecount="2" falsecount="0"/>
        <line num="18" count="0" type="stmt"/>
        <line num="19" count="0" type="stmt"/>
      </file>
    </package>
  </project>
</coverage>
