{"/Applications/XAMPP/xamppfiles/htdocs/myuzeTV-App/api/account.js": {"path":"/Applications/XAMPP/xamppfiles/htdocs/myuzeTV-App/api/account.js","statementMap":{"0":{"start":{"line":16,"column":19},"end":{"line":16,"column":44}},"1":{"start":{"line":17,"column":2},"end":{"line":17,"column":14}},"2":{"start":{"line":27,"column":19},"end":{"line":27,"column":52}},"3":{"start":{"line":28,"column":2},"end":{"line":28,"column":14}}},"fnMap":{"0":{"name":"fetchMe","decl":{"start":{"line":15,"column":22},"end":{"line":15,"column":29}},"loc":{"start":{"line":15,"column":32},"end":{"line":18,"column":1}},"line":15},"1":{"name":"deleteAccount","decl":{"start":{"line":26,"column":22},"end":{"line":26,"column":35}},"loc":{"start":{"line":26,"column":38},"end":{"line":29,"column":1}},"line":26}},"branchMap":{},"s":{"0":0,"1":0,"2":2,"3":1},"f":{"0":0,"1":2},"b":{},"_coverageSchema":"1a1c01bbd47fc00a2c39e90264f33305004495a9","hash":"e7842c67f256ffe4d7c6d366c1758bf4bc7d80b9"}
,"/Applications/XAMPP/xamppfiles/htdocs/myuzeTV-App/api/dramas.js": {"path":"/Applications/XAMPP/xamppfiles/htdocs/myuzeTV-App/api/dramas.js","statementMap":{"0":{"start":{"line":4,"column":2},"end":{"line":5,"column":28}},"1":{"start":{"line":6,"column":20},"end":{"line":6,"column":42}},"2":{"start":{"line":8,"column":2},"end":{"line":10,"column":13}},"3":{"start":{"line":13,"column":2},"end":{"line":13,"column":51}},"4":{"start":{"line":13,"column":39},"end":{"line":13,"column":51}},"5":{"start":{"line":14,"column":18},"end":{"line":14,"column":28}},"6":{"start":{"line":15,"column":2},"end":{"line":15,"column":28}},"7":{"start":{"line":15,"column":16},"end":{"line":15,"column":28}},"8":{"start":{"line":16,"column":2},"end":{"line":18,"column":3}},"9":{"start":{"line":17,"column":4},"end":{"line":17,"column":19}},"10":{"start":{"line":19,"column":2},"end":{"line":21,"column":3}},"11":{"start":{"line":20,"column":4},"end":{"line":20,"column":30}},"12":{"start":{"line":22,"column":2},"end":{"line":24,"column":3}},"13":{"start":{"line":23,"column":4},"end":{"line":23,"column":35}},"14":{"start":{"line":25,"column":2},"end":{"line":25,"column":34}},"15":{"start":{"line":29,"column":15},"end":{"line":29,"column":67}},"16":{"start":{"line":30,"column":2},"end":{"line":30,"column":67}},"17":{"start":{"line":37,"column":16},"end":{"line":37,"column":45}},"18":{"start":{"line":39,"column":4},"end":{"line":49,"column":26}},"19":{"start":{"line":50,"column":19},"end":{"line":50,"column":44}},"20":{"start":{"line":51,"column":2},"end":{"line":61,"column":4}},"21":{"start":{"line":69,"column":19},"end":{"line":69,"column":43}},"22":{"start":{"line":70,"column":14},"end":{"line":70,"column":75}},"23":{"start":{"line":71,"column":2},"end":{"line":71,"column":31}},"24":{"start":{"line":87,"column":2},"end":{"line":94,"column":7}},"25":{"start":{"line":93,"column":6},"end":{"line":93,"column":83}},"26":{"start":{"line":102,"column":19},"end":{"line":102,"column":54}},"27":{"start":{"line":103,"column":14},"end":{"line":103,"column":59}},"28":{"start":{"line":104,"column":2},"end":{"line":104,"column":31}},"29":{"start":{"line":118,"column":19},"end":{"line":118,"column":60}},"30":{"start":{"line":119,"column":2},"end":{"line":119,"column":14}},"31":{"start":{"line":134,"column":2},"end":{"line":134,"column":47}},"32":{"start":{"line":144,"column":2},"end":{"line":144,"column":47}},"33":{"start":{"line":144,"column":33},"end":{"line":144,"column":47}},"34":{"start":{"line":145,"column":15},"end":{"line":145,"column":39}},"35":{"start":{"line":146,"column":15},"end":{"line":146,"column":39}},"36":{"start":{"line":147,"column":2},"end":{"line":147,"column":55}},"37":{"start":{"line":157,"column":2},"end":{"line":157,"column":26}},"38":{"start":{"line":157,"column":16},"end":{"line":157,"column":26}},"39":{"start":{"line":158,"column":16},"end":{"line":158,"column":46}},"40":{"start":{"line":159,"column":2},"end":{"line":159,"column":31}},"41":{"start":{"line":169,"column":2},"end":{"line":169,"column":28}},"42":{"start":{"line":169,"column":17},"end":{"line":169,"column":28}},"43":{"start":{"line":170,"column":2},"end":{"line":170,"column":82}},"44":{"start":{"line":170,"column":22},"end":{"line":170,"column":82}},"45":{"start":{"line":171,"column":2},"end":{"line":171,"column":74}},"46":{"start":{"line":171,"column":18},"end":{"line":171,"column":74}},"47":{"start":{"line":172,"column":2},"end":{"line":172,"column":19}},"48":{"start":{"line":182,"column":19},"end":{"line":182,"column":51}},"49":{"start":{"line":183,"column":15},"end":{"line":183,"column":33}},"50":{"start":{"line":185,"column":16},"end":{"line":185,"column":45}},"51":{"start":{"line":187,"column":4},"end":{"line":197,"column":29}},"52":{"start":{"line":198,"column":17},"end":{"line":198,"column":68}},"53":{"start":{"line":200,"column":19},"end":{"line":200,"column":52}},"54":{"start":{"line":201,"column":16},"end":{"line":205,"column":10}},"55":{"start":{"line":204,"column":39},"end":{"line":204,"column":47}},"56":{"start":{"line":207,"column":20},"end":{"line":207,"column":43}},"57":{"start":{"line":208,"column":22},"end":{"line":208,"column":71}},"58":{"start":{"line":210,"column":19},"end":{"line":232,"column":6}},"59":{"start":{"line":211,"column":20},"end":{"line":211,"column":69}},"60":{"start":{"line":213,"column":22},"end":{"line":213,"column":77}},"61":{"start":{"line":215,"column":8},"end":{"line":215,"column":69}},"62":{"start":{"line":216,"column":22},"end":{"line":216,"column":59}},"63":{"start":{"line":218,"column":6},"end":{"line":231,"column":8}},"64":{"start":{"line":234,"column":2},"end":{"line":254,"column":4}}},"fnMap":{"0":{"name":"resolveImageUrl","decl":{"start":{"line":12,"column":9},"end":{"line":12,"column":24}},"loc":{"start":{"line":12,"column":30},"end":{"line":26,"column":1}},"line":12},"1":{"name":"placeholderFor","decl":{"start":{"line":28,"column":9},"end":{"line":28,"column":23}},"loc":{"start":{"line":28,"column":31},"end":{"line":31,"column":1}},"line":28},"2":{"name":"mapDramaItem","decl":{"start":{"line":36,"column":9},"end":{"line":36,"column":21}},"loc":{"start":{"line":36,"column":28},"end":{"line":62,"column":1}},"line":36},"3":{"name":"fetchDramas","decl":{"start":{"line":68,"column":22},"end":{"line":68,"column":33}},"loc":{"start":{"line":68,"column":36},"end":{"line":72,"column":1}},"line":68},"4":{"name":"saveProgress","decl":{"start":{"line":86,"column":16},"end":{"line":86,"column":28}},"loc":{"start":{"line":86,"column":70},"end":{"line":95,"column":1}},"line":86},"5":{"name":"(anonymous_5)","decl":{"start":{"line":92,"column":11},"end":{"line":92,"column":12}},"loc":{"start":{"line":92,"column":20},"end":{"line":94,"column":5}},"line":92},"6":{"name":"fetchContinueWatching","decl":{"start":{"line":101,"column":22},"end":{"line":101,"column":43}},"loc":{"start":{"line":101,"column":46},"end":{"line":105,"column":1}},"line":101},"7":{"name":"likeDrama","decl":{"start":{"line":117,"column":22},"end":{"line":117,"column":31}},"loc":{"start":{"line":117,"column":41},"end":{"line":120,"column":1}},"line":117},"8":{"name":"deriveEpisodeStatus","decl":{"start":{"line":133,"column":9},"end":{"line":133,"column":28}},"loc":{"start":{"line":133,"column":47},"end":{"line":135,"column":1}},"line":133},"9":{"name":"formatDuration","decl":{"start":{"line":143,"column":9},"end":{"line":143,"column":23}},"loc":{"start":{"line":143,"column":33},"end":{"line":148,"column":1}},"line":143},"10":{"name":"extractYear","decl":{"start":{"line":156,"column":9},"end":{"line":156,"column":20}},"loc":{"start":{"line":156,"column":30},"end":{"line":160,"column":1}},"line":156},"11":{"name":"formatCompact","decl":{"start":{"line":168,"column":9},"end":{"line":168,"column":22}},"loc":{"start":{"line":168,"column":26},"end":{"line":173,"column":1}},"line":168},"12":{"name":"fetchDramaDetail","decl":{"start":{"line":181,"column":22},"end":{"line":181,"column":38}},"loc":{"start":{"line":181,"column":45},"end":{"line":255,"column":1}},"line":181},"13":{"name":"(anonymous_13)","decl":{"start":{"line":204,"column":32},"end":{"line":204,"column":33}},"loc":{"start":{"line":204,"column":39},"end":{"line":204,"column":47}},"line":204},"14":{"name":"(anonymous_14)","decl":{"start":{"line":211,"column":10},"end":{"line":211,"column":11}},"loc":{"start":{"line":211,"column":20},"end":{"line":211,"column":69}},"line":211},"15":{"name":"(anonymous_15)","decl":{"start":{"line":212,"column":9},"end":{"line":212,"column":10}},"loc":{"start":{"line":212,"column":24},"end":{"line":232,"column":5}},"line":212}},"branchMap":{"0":{"loc":{"start":{"line":4,"column":2},"end":{"line":5,"column":28}},"type":"binary-expr","locations":[{"start":{"line":4,"column":3},"end":{"line":4,"column":33}},{"start":{"line":4,"column":37},"end":{"line":4,"column":69}},{"start":{"line":5,"column":2},"end":{"line":5,"column":28}}],"line":4},"1":{"loc":{"start":{"line":8,"column":2},"end":{"line":10,"column":13}},"type":"binary-expr","locations":[{"start":{"line":8,"column":3},"end":{"line":8,"column":33}},{"start":{"line":8,"column":37},"end":{"line":8,"column":69}},{"start":{"line":9,"column":2},"end":{"line":9,"column":35}},{"start":{"line":10,"column":2},"end":{"line":10,"column":13}}],"line":8},"2":{"loc":{"start":{"line":13,"column":2},"end":{"line":13,"column":51}},"type":"if","locations":[{"start":{"line":13,"column":2},"end":{"line":13,"column":51}},{"start":{},"end":{}}],"line":13},"3":{"loc":{"start":{"line":13,"column":6},"end":{"line":13,"column":37}},"type":"binary-expr","locations":[{"start":{"line":13,"column":6},"end":{"line":13,"column":10}},{"start":{"line":13,"column":14},"end":{"line":13,"column":37}}],"line":13},"4":{"loc":{"start":{"line":15,"column":2},"end":{"line":15,"column":28}},"type":"if","locations":[{"start":{"line":15,"column":2},"end":{"line":15,"column":28}},{"start":{},"end":{}}],"line":15},"5":{"loc":{"start":{"line":16,"column":2},"end":{"line":18,"column":3}},"type":"if","locations":[{"start":{"line":16,"column":2},"end":{"line":18,"column":3}},{"start":{},"end":{}}],"line":16},"6":{"loc":{"start":{"line":16,"column":6},"end":{"line":16,"column":69}},"type":"binary-expr","locations":[{"start":{"line":16,"column":6},"end":{"line":16,"column":35}},{"start":{"line":16,"column":39},"end":{"line":16,"column":69}}],"line":16},"7":{"loc":{"start":{"line":19,"column":2},"end":{"line":21,"column":3}},"type":"if","locations":[{"start":{"line":19,"column":2},"end":{"line":21,"column":3}},{"start":{},"end":{}}],"line":19},"8":{"loc":{"start":{"line":22,"column":2},"end":{"line":24,"column":3}},"type":"if","locations":[{"start":{"line":22,"column":2},"end":{"line":24,"column":3}},{"start":{},"end":{}}],"line":22},"9":{"loc":{"start":{"line":29,"column":35},"end":{"line":29,"column":52}},"type":"binary-expr","locations":[{"start":{"line":29,"column":35},"end":{"line":29,"column":40}},{"start":{"line":29,"column":44},"end":{"line":29,"column":52}}],"line":29},"10":{"loc":{"start":{"line":37,"column":16},"end":{"line":37,"column":45}},"type":"binary-expr","locations":[{"start":{"line":37,"column":16},"end":{"line":37,"column":26}},{"start":{"line":37,"column":30},"end":{"line":37,"column":39}},{"start":{"line":37,"column":43},"end":{"line":37,"column":45}}],"line":37},"11":{"loc":{"start":{"line":39,"column":4},"end":{"line":49,"column":26}},"type":"binary-expr","locations":[{"start":{"line":39,"column":4},"end":{"line":39,"column":22}},{"start":{"line":40,"column":4},"end":{"line":40,"column":19}},{"start":{"line":41,"column":4},"end":{"line":41,"column":18}},{"start":{"line":42,"column":4},"end":{"line":42,"column":14}},{"start":{"line":43,"column":4},"end":{"line":43,"column":15}},{"start":{"line":44,"column":4},"end":{"line":44,"column":19}},{"start":{"line":45,"column":4},"end":{"line":45,"column":14}},{"start":{"line":46,"column":4},"end":{"line":46,"column":20}},{"start":{"line":47,"column":4},"end":{"line":47,"column":18}},{"start":{"line":48,"column":4},"end":{"line":48,"column":29}},{"start":{"line":49,"column":4},"end":{"line":49,"column":26}}],"line":39},"12":{"loc":{"start":{"line":52,"column":15},"end":{"line":52,"column":58}},"type":"binary-expr","locations":[{"start":{"line":52,"column":15},"end":{"line":52,"column":24}},{"start":{"line":52,"column":28},"end":{"line":52,"column":35}},{"start":{"line":52,"column":39},"end":{"line":52,"column":52}},{"start":{"line":52,"column":56},"end":{"line":52,"column":58}}],"line":52},"13":{"loc":{"start":{"line":54,"column":11},"end":{"line":54,"column":44}},"type":"binary-expr","locations":[{"start":{"line":54,"column":11},"end":{"line":54,"column":19}},{"start":{"line":54,"column":23},"end":{"line":54,"column":44}}],"line":54},"14":{"loc":{"start":{"line":55,"column":11},"end":{"line":55,"column":44}},"type":"binary-expr","locations":[{"start":{"line":55,"column":11},"end":{"line":55,"column":21}},{"start":{"line":55,"column":25},"end":{"line":55,"column":38}},{"start":{"line":55,"column":42},"end":{"line":55,"column":44}}],"line":55},"15":{"loc":{"start":{"line":59,"column":17},"end":{"line":59,"column":54}},"type":"binary-expr","locations":[{"start":{"line":59,"column":17},"end":{"line":59,"column":34}},{"start":{"line":59,"column":38},"end":{"line":59,"column":54}}],"line":59},"16":{"loc":{"start":{"line":60,"column":11},"end":{"line":60,"column":36}},"type":"binary-expr","locations":[{"start":{"line":60,"column":11},"end":{"line":60,"column":22}},{"start":{"line":60,"column":26},"end":{"line":60,"column":36}}],"line":60},"17":{"loc":{"start":{"line":70,"column":14},"end":{"line":70,"column":75}},"type":"cond-expr","locations":[{"start":{"line":70,"column":36},"end":{"line":70,"column":40}},{"start":{"line":70,"column":43},"end":{"line":70,"column":75}}],"line":70},"18":{"loc":{"start":{"line":70,"column":43},"end":{"line":70,"column":75}},"type":"binary-expr","locations":[{"start":{"line":70,"column":43},"end":{"line":70,"column":53}},{"start":{"line":70,"column":57},"end":{"line":70,"column":69}},{"start":{"line":70,"column":73},"end":{"line":70,"column":75}}],"line":70},"19":{"loc":{"start":{"line":93,"column":62},"end":{"line":93,"column":81}},"type":"binary-expr","locations":[{"start":{"line":93,"column":62},"end":{"line":93,"column":74}},{"start":{"line":93,"column":78},"end":{"line":93,"column":81}}],"line":93},"20":{"loc":{"start":{"line":103,"column":14},"end":{"line":103,"column":59}},"type":"cond-expr","locations":[{"start":{"line":103,"column":36},"end":{"line":103,"column":40}},{"start":{"line":103,"column":43},"end":{"line":103,"column":59}}],"line":103},"21":{"loc":{"start":{"line":103,"column":43},"end":{"line":103,"column":59}},"type":"binary-expr","locations":[{"start":{"line":103,"column":43},"end":{"line":103,"column":53}},{"start":{"line":103,"column":57},"end":{"line":103,"column":59}}],"line":103},"22":{"loc":{"start":{"line":134,"column":9},"end":{"line":134,"column":46}},"type":"cond-expr","locations":[{"start":{"line":134,"column":29},"end":{"line":134,"column":35}},{"start":{"line":134,"column":38},"end":{"line":134,"column":46}}],"line":134},"23":{"loc":{"start":{"line":144,"column":2},"end":{"line":144,"column":47}},"type":"if","locations":[{"start":{"line":144,"column":2},"end":{"line":144,"column":47}},{"start":{},"end":{}}],"line":144},"24":{"loc":{"start":{"line":144,"column":6},"end":{"line":144,"column":31}},"type":"binary-expr","locations":[{"start":{"line":144,"column":6},"end":{"line":144,"column":14}},{"start":{"line":144,"column":18},"end":{"line":144,"column":31}}],"line":144},"25":{"loc":{"start":{"line":157,"column":2},"end":{"line":157,"column":26}},"type":"if","locations":[{"start":{"line":157,"column":2},"end":{"line":157,"column":26}},{"start":{},"end":{}}],"line":157},"26":{"loc":{"start":{"line":159,"column":9},"end":{"line":159,"column":30}},"type":"cond-expr","locations":[{"start":{"line":159,"column":17},"end":{"line":159,"column":25}},{"start":{"line":159,"column":28},"end":{"line":159,"column":30}}],"line":159},"27":{"loc":{"start":{"line":169,"column":2},"end":{"line":169,"column":28}},"type":"if","locations":[{"start":{"line":169,"column":2},"end":{"line":169,"column":28}},{"start":{},"end":{}}],"line":169},"28":{"loc":{"start":{"line":170,"column":2},"end":{"line":170,"column":82}},"type":"if","locations":[{"start":{"line":170,"column":2},"end":{"line":170,"column":82}},{"start":{},"end":{}}],"line":170},"29":{"loc":{"start":{"line":171,"column":2},"end":{"line":171,"column":74}},"type":"if","locations":[{"start":{"line":171,"column":2},"end":{"line":171,"column":74}},{"start":{},"end":{}}],"line":171},"30":{"loc":{"start":{"line":183,"column":15},"end":{"line":183,"column":33}},"type":"binary-expr","locations":[{"start":{"line":183,"column":15},"end":{"line":183,"column":25}},{"start":{"line":183,"column":29},"end":{"line":183,"column":33}}],"line":183},"31":{"loc":{"start":{"line":185,"column":16},"end":{"line":185,"column":45}},"type":"binary-expr","locations":[{"start":{"line":185,"column":16},"end":{"line":185,"column":26}},{"start":{"line":185,"column":30},"end":{"line":185,"column":39}},{"start":{"line":185,"column":43},"end":{"line":185,"column":45}}],"line":185},"32":{"loc":{"start":{"line":187,"column":4},"end":{"line":197,"column":29}},"type":"binary-expr","locations":[{"start":{"line":187,"column":4},"end":{"line":187,"column":19}},{"start":{"line":188,"column":4},"end":{"line":188,"column":22}},{"start":{"line":189,"column":4},"end":{"line":189,"column":18}},{"start":{"line":190,"column":4},"end":{"line":190,"column":14}},{"start":{"line":191,"column":4},"end":{"line":191,"column":15}},{"start":{"line":192,"column":4},"end":{"line":192,"column":19}},{"start":{"line":193,"column":4},"end":{"line":193,"column":14}},{"start":{"line":194,"column":4},"end":{"line":194,"column":20}},{"start":{"line":195,"column":4},"end":{"line":195,"column":18}},{"start":{"line":196,"column":4},"end":{"line":196,"column":26}},{"start":{"line":197,"column":4},"end":{"line":197,"column":29}}],"line":187},"33":{"loc":{"start":{"line":198,"column":17},"end":{"line":198,"column":68}},"type":"binary-expr","locations":[{"start":{"line":198,"column":17},"end":{"line":198,"column":43}},{"start":{"line":198,"column":47},"end":{"line":198,"column":68}}],"line":198},"34":{"loc":{"start":{"line":200,"column":19},"end":{"line":200,"column":52}},"type":"binary-expr","locations":[{"start":{"line":200,"column":19},"end":{"line":200,"column":29}},{"start":{"line":200,"column":33},"end":{"line":200,"column":46}},{"start":{"line":200,"column":50},"end":{"line":200,"column":52}}],"line":200},"35":{"loc":{"start":{"line":201,"column":16},"end":{"line":205,"column":10}},"type":"cond-expr","locations":[{"start":{"line":202,"column":6},"end":{"line":202,"column":14}},{"start":{"line":203,"column":6},"end":{"line":205,"column":10}}],"line":201},"36":{"loc":{"start":{"line":203,"column":6},"end":{"line":205,"column":10}},"type":"cond-expr","locations":[{"start":{"line":204,"column":8},"end":{"line":204,"column":48}},{"start":{"line":205,"column":8},"end":{"line":205,"column":10}}],"line":203},"37":{"loc":{"start":{"line":207,"column":20},"end":{"line":207,"column":43}},"type":"binary-expr","locations":[{"start":{"line":207,"column":20},"end":{"line":207,"column":38}},{"start":{"line":207,"column":42},"end":{"line":207,"column":43}}],"line":207},"38":{"loc":{"start":{"line":208,"column":22},"end":{"line":208,"column":71}},"type":"cond-expr","locations":[{"start":{"line":208,"column":53},"end":{"line":208,"column":66}},{"start":{"line":208,"column":69},"end":{"line":208,"column":71}}],"line":208},"39":{"loc":{"start":{"line":211,"column":21},"end":{"line":211,"column":42}},"type":"binary-expr","locations":[{"start":{"line":211,"column":21},"end":{"line":211,"column":37}},{"start":{"line":211,"column":41},"end":{"line":211,"column":42}}],"line":211},"40":{"loc":{"start":{"line":211,"column":47},"end":{"line":211,"column":68}},"type":"binary-expr","locations":[{"start":{"line":211,"column":47},"end":{"line":211,"column":63}},{"start":{"line":211,"column":67},"end":{"line":211,"column":68}}],"line":211},"41":{"loc":{"start":{"line":213,"column":22},"end":{"line":213,"column":77}},"type":"binary-expr","locations":[{"start":{"line":213,"column":22},"end":{"line":213,"column":30}},{"start":{"line":213,"column":34},"end":{"line":213,"column":77}}],"line":213},"42":{"loc":{"start":{"line":213,"column":45},"end":{"line":213,"column":75}},"type":"binary-expr","locations":[{"start":{"line":213,"column":45},"end":{"line":213,"column":62}},{"start":{"line":213,"column":66},"end":{"line":213,"column":75}}],"line":213},"43":{"loc":{"start":{"line":215,"column":8},"end":{"line":215,"column":69}},"type":"binary-expr","locations":[{"start":{"line":215,"column":8},"end":{"line":215,"column":24}},{"start":{"line":215,"column":28},"end":{"line":215,"column":41}},{"start":{"line":215,"column":45},"end":{"line":215,"column":53}},{"start":{"line":215,"column":57},"end":{"line":215,"column":69}}],"line":215},"44":{"loc":{"start":{"line":216,"column":22},"end":{"line":216,"column":59}},"type":"binary-expr","locations":[{"start":{"line":216,"column":22},"end":{"line":216,"column":49}},{"start":{"line":216,"column":53},"end":{"line":216,"column":59}}],"line":216},"45":{"loc":{"start":{"line":219,"column":19},"end":{"line":219,"column":60}},"type":"binary-expr","locations":[{"start":{"line":219,"column":19},"end":{"line":219,"column":24}},{"start":{"line":219,"column":28},"end":{"line":219,"column":41}},{"start":{"line":219,"column":45},"end":{"line":219,"column":60}}],"line":219},"46":{"loc":{"start":{"line":220,"column":16},"end":{"line":220,"column":46}},"type":"binary-expr","locations":[{"start":{"line":220,"column":16},"end":{"line":220,"column":33}},{"start":{"line":220,"column":37},"end":{"line":220,"column":46}}],"line":220},"47":{"loc":{"start":{"line":223,"column":18},"end":{"line":227,"column":18}},"type":"cond-expr","locations":[{"start":{"line":224,"column":12},"end":{"line":226,"column":33}},{"start":{"line":227,"column":12},"end":{"line":227,"column":18}}],"line":223},"48":{"loc":{"start":{"line":224,"column":12},"end":{"line":226,"column":33}},"type":"cond-expr","locations":[{"start":{"line":225,"column":14},"end":{"line":225,"column":41}},{"start":{"line":226,"column":14},"end":{"line":226,"column":33}}],"line":224},"49":{"loc":{"start":{"line":229,"column":20},"end":{"line":229,"column":51}},"type":"binary-expr","locations":[{"start":{"line":229,"column":20},"end":{"line":229,"column":34}},{"start":{"line":229,"column":38},"end":{"line":229,"column":51}}],"line":229},"50":{"loc":{"start":{"line":235,"column":15},"end":{"line":235,"column":41}},"type":"binary-expr","locations":[{"start":{"line":235,"column":15},"end":{"line":235,"column":24}},{"start":{"line":235,"column":28},"end":{"line":235,"column":35}},{"start":{"line":235,"column":39},"end":{"line":235,"column":41}}],"line":235},"51":{"loc":{"start":{"line":239,"column":18},"end":{"line":239,"column":56}},"type":"binary-expr","locations":[{"start":{"line":239,"column":18},"end":{"line":239,"column":37}},{"start":{"line":239,"column":41},"end":{"line":239,"column":56}}],"line":239},"52":{"loc":{"start":{"line":241,"column":13},"end":{"line":241,"column":31}},"type":"binary-expr","locations":[{"start":{"line":241,"column":13},"end":{"line":241,"column":25}},{"start":{"line":241,"column":29},"end":{"line":241,"column":31}}],"line":241},"53":{"loc":{"start":{"line":242,"column":12},"end":{"line":242,"column":28}},"type":"binary-expr","locations":[{"start":{"line":242,"column":12},"end":{"line":242,"column":23}},{"start":{"line":242,"column":27},"end":{"line":242,"column":28}}],"line":242},"54":{"loc":{"start":{"line":243,"column":31},"end":{"line":243,"column":70}},"type":"binary-expr","locations":[{"start":{"line":243,"column":31},"end":{"line":243,"column":48}},{"start":{"line":243,"column":52},"end":{"line":243,"column":70}}],"line":243},"55":{"loc":{"start":{"line":246,"column":17},"end":{"line":246,"column":56}},"type":"binary-expr","locations":[{"start":{"line":246,"column":17},"end":{"line":246,"column":33}},{"start":{"line":246,"column":37},"end":{"line":246,"column":50}},{"start":{"line":246,"column":54},"end":{"line":246,"column":56}}],"line":246},"56":{"loc":{"start":{"line":247,"column":22},"end":{"line":247,"column":71}},"type":"binary-expr","locations":[{"start":{"line":247,"column":22},"end":{"line":247,"column":61}},{"start":{"line":247,"column":65},"end":{"line":247,"column":71}}],"line":247},"57":{"loc":{"start":{"line":248,"column":21},"end":{"line":252,"column":10}},"type":"cond-expr","locations":[{"start":{"line":249,"column":8},"end":{"line":251,"column":39}},{"start":{"line":252,"column":8},"end":{"line":252,"column":10}}],"line":248},"58":{"loc":{"start":{"line":249,"column":8},"end":{"line":251,"column":39}},"type":"cond-expr","locations":[{"start":{"line":250,"column":10},"end":{"line":250,"column":47}},{"start":{"line":251,"column":10},"end":{"line":251,"column":39}}],"line":249}},"s":{"0":1,"1":1,"2":1,"3":63,"4":48,"5":15,"6":15,"7":0,"8":15,"9":13,"10":2,"11":1,"12":1,"13":1,"14":0,"15":12,"16":12,"17":15,"18":15,"19":15,"20":15,"21":11,"22":11,"23":11,"24":4,"25":1,"26":3,"27":3,"28":3,"29":2,"30":1,"31":24,"32":16,"33":0,"34":16,"35":16,"36":16,"37":12,"38":2,"39":10,"40":10,"41":36,"42":6,"43":30,"44":1,"45":29,"46":19,"47":10,"48":12,"49":12,"50":12,"51":12,"52":12,"53":12,"54":12,"55":19,"56":12,"57":12,"58":12,"59":16,"60":24,"61":24,"62":24,"63":24,"64":12},"f":{"0":63,"1":12,"2":15,"3":11,"4":4,"5":1,"6":3,"7":2,"8":24,"9":16,"10":12,"11":36,"12":12,"13":19,"14":16,"15":24},"b":{"0":[1,1,1],"1":[1,1,1,0],"2":[48,15],"3":[63,15],"4":[0,15],"5":[13,2],"6":[15,15],"7":[1,1],"8":[1,0],"9":[12,1],"10":[15,1,0],"11":[15,11,10,10,10,10,10,10,10,10,10],"12":[15,13,2,1],"13":[15,10],"14":[15,12,11],"15":[15,14],"16":[15,14],"17":[7,4],"18":[4,3,2],"19":[1,0],"20":[1,2],"21":[2,1],"22":[17,7],"23":[0,16],"24":[16,0],"25":[2,10],"26":[10,0],"27":[6,30],"28":[1,29],"29":[19,10],"30":[12,1],"31":[12,1,1],"32":[12,2,2,2,2,2,2,2,2,2,2],"33":[12,2],"34":[12,1,1],"35":[1,11],"36":[10,1],"37":[12,2],"38":[11,1],"39":[16,0],"40":[16,0],"41":[24,0],"42":[0,0],"43":[24,24,24,24],"44":[24,24],"45":[24,2,1],"46":[24,0],"47":[17,7],"48":[16,1],"49":[24,24],"50":[12,1,1],"51":[12,2],"52":[12,2],"53":[12,2],"54":[12,2],"55":[12,2,2],"56":[12,12],"57":[0,12],"58":[0,0]},"_coverageSchema":"1a1c01bbd47fc00a2c39e90264f33305004495a9","hash":"2a2c1e2f0d3e5fc19a406f832664bc5c73504b51"}
,"/Applications/XAMPP/xamppfiles/htdocs/myuzeTV-App/api/episodes.js": {"path":"/Applications/XAMPP/xamppfiles/htdocs/myuzeTV-App/api/episodes.js","statementMap":{"0":{"start":{"line":9,"column":19},"end":{"line":9,"column":65}},"1":{"start":{"line":10,"column":2},"end":{"line":10,"column":44}},"2":{"start":{"line":10,"column":32},"end":{"line":10,"column":44}},"3":{"start":{"line":11,"column":2},"end":{"line":11,"column":75}}},"fnMap":{"0":{"name":"fetchEpisodeStream","decl":{"start":{"line":8,"column":22},"end":{"line":8,"column":40}},"loc":{"start":{"line":8,"column":52},"end":{"line":12,"column":1}},"line":8}},"branchMap":{"0":{"loc":{"start":{"line":10,"column":2},"end":{"line":10,"column":44}},"type":"if","locations":[{"start":{"line":10,"column":2},"end":{"line":10,"column":44}},{"start":{},"end":{}}],"line":10},"1":{"loc":{"start":{"line":11,"column":9},"end":{"line":11,"column":74}},"type":"binary-expr","locations":[{"start":{"line":11,"column":9},"end":{"line":11,"column":18}},{"start":{"line":11,"column":22},"end":{"line":11,"column":35}},{"start":{"line":11,"column":39},"end":{"line":11,"column":48}},{"start":{"line":11,"column":52},"end":{"line":11,"column":68}},{"start":{"line":11,"column":72},"end":{"line":11,"column":74}}],"line":11}},"s":{"0":11,"1":10,"2":1,"3":9},"f":{"0":11},"b":{"0":[1,9],"1":[9,6,5,4,3]},"_coverageSchema":"1a1c01bbd47fc00a2c39e90264f33305004495a9","hash":"1e2071db6d66308efd530178a927ecc03b40ffa7"}
,"/Applications/XAMPP/xamppfiles/htdocs/myuzeTV-App/api/rails.js": {"path":"/Applications/XAMPP/xamppfiles/htdocs/myuzeTV-App/api/rails.js","statementMap":{"0":{"start":{"line":4,"column":2},"end":{"line":5,"column":28}},"1":{"start":{"line":6,"column":20},"end":{"line":6,"column":42}},"2":{"start":{"line":8,"column":2},"end":{"line":10,"column":13}},"3":{"start":{"line":13,"column":2},"end":{"line":13,"column":51}},"4":{"start":{"line":13,"column":39},"end":{"line":13,"column":51}},"5":{"start":{"line":14,"column":18},"end":{"line":14,"column":28}},"6":{"start":{"line":15,"column":2},"end":{"line":15,"column":28}},"7":{"start":{"line":15,"column":16},"end":{"line":15,"column":28}},"8":{"start":{"line":16,"column":2},"end":{"line":18,"column":3}},"9":{"start":{"line":17,"column":4},"end":{"line":17,"column":19}},"10":{"start":{"line":19,"column":2},"end":{"line":21,"column":3}},"11":{"start":{"line":20,"column":4},"end":{"line":20,"column":30}},"12":{"start":{"line":22,"column":2},"end":{"line":24,"column":3}},"13":{"start":{"line":23,"column":4},"end":{"line":23,"column":35}},"14":{"start":{"line":25,"column":2},"end":{"line":25,"column":34}},"15":{"start":{"line":29,"column":15},"end":{"line":29,"column":67}},"16":{"start":{"line":30,"column":2},"end":{"line":30,"column":67}},"17":{"start":{"line":34,"column":19},"end":{"line":34,"column":42}},"18":{"start":{"line":35,"column":14},"end":{"line":35,"column":59}},"19":{"start":{"line":37,"column":16},"end":{"line":77,"column":6}},"20":{"start":{"line":38,"column":22},"end":{"line":38,"column":74}},"21":{"start":{"line":39,"column":22},"end":{"line":39,"column":47}},"22":{"start":{"line":41,"column":21},"end":{"line":67,"column":8}},"23":{"start":{"line":42,"column":22},"end":{"line":42,"column":51}},"24":{"start":{"line":44,"column":10},"end":{"line":54,"column":32}},"25":{"start":{"line":55,"column":25},"end":{"line":55,"column":50}},"26":{"start":{"line":56,"column":8},"end":{"line":66,"column":10}},"27":{"start":{"line":69,"column":6},"end":{"line":76,"column":8}},"28":{"start":{"line":80,"column":2},"end":{"line":80,"column":72}},"29":{"start":{"line":80,"column":23},"end":{"line":80,"column":70}},"30":{"start":{"line":81,"column":2},"end":{"line":81,"column":15}}},"fnMap":{"0":{"name":"resolveImageUrl","decl":{"start":{"line":12,"column":9},"end":{"line":12,"column":24}},"loc":{"start":{"line":12,"column":30},"end":{"line":26,"column":1}},"line":12},"1":{"name":"placeholderFor","decl":{"start":{"line":28,"column":9},"end":{"line":28,"column":23}},"loc":{"start":{"line":28,"column":31},"end":{"line":31,"column":1}},"line":28},"2":{"name":"fetchRails","decl":{"start":{"line":33,"column":22},"end":{"line":33,"column":32}},"loc":{"start":{"line":33,"column":35},"end":{"line":82,"column":1}},"line":33},"3":{"name":"(anonymous_3)","decl":{"start":{"line":38,"column":12},"end":{"line":38,"column":13}},"loc":{"start":{"line":38,"column":22},"end":{"line":38,"column":74}},"line":38},"4":{"name":"(anonymous_4)","decl":{"start":{"line":39,"column":12},"end":{"line":39,"column":13}},"loc":{"start":{"line":39,"column":22},"end":{"line":39,"column":47}},"line":39},"5":{"name":"(anonymous_5)","decl":{"start":{"line":40,"column":9},"end":{"line":40,"column":10}},"loc":{"start":{"line":40,"column":19},"end":{"line":77,"column":5}},"line":40},"6":{"name":"(anonymous_6)","decl":{"start":{"line":41,"column":37},"end":{"line":41,"column":38}},"loc":{"start":{"line":41,"column":47},"end":{"line":67,"column":7}},"line":41},"7":{"name":"(anonymous_7)","decl":{"start":{"line":80,"column":13},"end":{"line":80,"column":14}},"loc":{"start":{"line":80,"column":23},"end":{"line":80,"column":70}},"line":80}},"branchMap":{"0":{"loc":{"start":{"line":4,"column":2},"end":{"line":5,"column":28}},"type":"binary-expr","locations":[{"start":{"line":4,"column":3},"end":{"line":4,"column":33}},{"start":{"line":4,"column":37},"end":{"line":4,"column":69}},{"start":{"line":5,"column":2},"end":{"line":5,"column":28}}],"line":4},"1":{"loc":{"start":{"line":8,"column":2},"end":{"line":10,"column":13}},"type":"binary-expr","locations":[{"start":{"line":8,"column":3},"end":{"line":8,"column":33}},{"start":{"line":8,"column":37},"end":{"line":8,"column":69}},{"start":{"line":9,"column":2},"end":{"line":9,"column":35}},{"start":{"line":10,"column":2},"end":{"line":10,"column":13}}],"line":8},"2":{"loc":{"start":{"line":13,"column":2},"end":{"line":13,"column":51}},"type":"if","locations":[{"start":{"line":13,"column":2},"end":{"line":13,"column":51}},{"start":{},"end":{}}],"line":13},"3":{"loc":{"start":{"line":13,"column":6},"end":{"line":13,"column":37}},"type":"binary-expr","locations":[{"start":{"line":13,"column":6},"end":{"line":13,"column":10}},{"start":{"line":13,"column":14},"end":{"line":13,"column":37}}],"line":13},"4":{"loc":{"start":{"line":15,"column":2},"end":{"line":15,"column":28}},"type":"if","locations":[{"start":{"line":15,"column":2},"end":{"line":15,"column":28}},{"start":{},"end":{}}],"line":15},"5":{"loc":{"start":{"line":16,"column":2},"end":{"line":18,"column":3}},"type":"if","locations":[{"start":{"line":16,"column":2},"end":{"line":18,"column":3}},{"start":{},"end":{}}],"line":16},"6":{"loc":{"start":{"line":16,"column":6},"end":{"line":16,"column":69}},"type":"binary-expr","locations":[{"start":{"line":16,"column":6},"end":{"line":16,"column":35}},{"start":{"line":16,"column":39},"end":{"line":16,"column":69}}],"line":16},"7":{"loc":{"start":{"line":19,"column":2},"end":{"line":21,"column":3}},"type":"if","locations":[{"start":{"line":19,"column":2},"end":{"line":21,"column":3}},{"start":{},"end":{}}],"line":19},"8":{"loc":{"start":{"line":22,"column":2},"end":{"line":24,"column":3}},"type":"if","locations":[{"start":{"line":22,"column":2},"end":{"line":24,"column":3}},{"start":{},"end":{}}],"line":22},"9":{"loc":{"start":{"line":29,"column":35},"end":{"line":29,"column":52}},"type":"binary-expr","locations":[{"start":{"line":29,"column":35},"end":{"line":29,"column":40}},{"start":{"line":29,"column":44},"end":{"line":29,"column":52}}],"line":29},"10":{"loc":{"start":{"line":35,"column":14},"end":{"line":35,"column":59}},"type":"cond-expr","locations":[{"start":{"line":35,"column":36},"end":{"line":35,"column":40}},{"start":{"line":35,"column":43},"end":{"line":35,"column":59}}],"line":35},"11":{"loc":{"start":{"line":35,"column":43},"end":{"line":35,"column":59}},"type":"binary-expr","locations":[{"start":{"line":35,"column":43},"end":{"line":35,"column":53}},{"start":{"line":35,"column":57},"end":{"line":35,"column":59}}],"line":35},"12":{"loc":{"start":{"line":38,"column":22},"end":{"line":38,"column":74}},"type":"binary-expr","locations":[{"start":{"line":38,"column":22},"end":{"line":38,"column":48}},{"start":{"line":38,"column":52},"end":{"line":38,"column":74}}],"line":38},"13":{"loc":{"start":{"line":42,"column":22},"end":{"line":42,"column":51}},"type":"binary-expr","locations":[{"start":{"line":42,"column":22},"end":{"line":42,"column":32}},{"start":{"line":42,"column":36},"end":{"line":42,"column":45}},{"start":{"line":42,"column":49},"end":{"line":42,"column":51}}],"line":42},"14":{"loc":{"start":{"line":44,"column":10},"end":{"line":54,"column":32}},"type":"binary-expr","locations":[{"start":{"line":44,"column":10},"end":{"line":44,"column":28}},{"start":{"line":45,"column":10},"end":{"line":45,"column":25}},{"start":{"line":46,"column":10},"end":{"line":46,"column":24}},{"start":{"line":47,"column":10},"end":{"line":47,"column":20}},{"start":{"line":48,"column":10},"end":{"line":48,"column":21}},{"start":{"line":49,"column":10},"end":{"line":49,"column":25}},{"start":{"line":50,"column":10},"end":{"line":50,"column":20}},{"start":{"line":51,"column":10},"end":{"line":51,"column":26}},{"start":{"line":52,"column":10},"end":{"line":52,"column":24}},{"start":{"line":53,"column":10},"end":{"line":53,"column":35}},{"start":{"line":54,"column":10},"end":{"line":54,"column":32}}],"line":44},"15":{"loc":{"start":{"line":57,"column":21},"end":{"line":57,"column":64}},"type":"binary-expr","locations":[{"start":{"line":57,"column":21},"end":{"line":57,"column":30}},{"start":{"line":57,"column":34},"end":{"line":57,"column":41}},{"start":{"line":57,"column":45},"end":{"line":57,"column":58}},{"start":{"line":57,"column":62},"end":{"line":57,"column":64}}],"line":57},"16":{"loc":{"start":{"line":59,"column":17},"end":{"line":59,"column":50}},"type":"binary-expr","locations":[{"start":{"line":59,"column":17},"end":{"line":59,"column":25}},{"start":{"line":59,"column":29},"end":{"line":59,"column":50}}],"line":59},"17":{"loc":{"start":{"line":60,"column":17},"end":{"line":60,"column":50}},"type":"binary-expr","locations":[{"start":{"line":60,"column":17},"end":{"line":60,"column":27}},{"start":{"line":60,"column":31},"end":{"line":60,"column":44}},{"start":{"line":60,"column":48},"end":{"line":60,"column":50}}],"line":60},"18":{"loc":{"start":{"line":61,"column":19},"end":{"line":61,"column":54}},"type":"binary-expr","locations":[{"start":{"line":61,"column":19},"end":{"line":61,"column":38}},{"start":{"line":61,"column":42},"end":{"line":61,"column":54}}],"line":61},"19":{"loc":{"start":{"line":64,"column":23},"end":{"line":64,"column":60}},"type":"binary-expr","locations":[{"start":{"line":64,"column":23},"end":{"line":64,"column":40}},{"start":{"line":64,"column":44},"end":{"line":64,"column":60}}],"line":64},"20":{"loc":{"start":{"line":65,"column":17},"end":{"line":65,"column":42}},"type":"binary-expr","locations":[{"start":{"line":65,"column":17},"end":{"line":65,"column":28}},{"start":{"line":65,"column":32},"end":{"line":65,"column":42}}],"line":65},"21":{"loc":{"start":{"line":71,"column":15},"end":{"line":71,"column":44}},"type":"binary-expr","locations":[{"start":{"line":71,"column":15},"end":{"line":71,"column":25}},{"start":{"line":71,"column":29},"end":{"line":71,"column":38}},{"start":{"line":71,"column":42},"end":{"line":71,"column":44}}],"line":71},"22":{"loc":{"start":{"line":74,"column":23},"end":{"line":74,"column":46}},"type":"binary-expr","locations":[{"start":{"line":74,"column":23},"end":{"line":74,"column":41}},{"start":{"line":74,"column":45},"end":{"line":74,"column":46}}],"line":74},"23":{"loc":{"start":{"line":80,"column":24},"end":{"line":80,"column":44}},"type":"binary-expr","locations":[{"start":{"line":80,"column":24},"end":{"line":80,"column":39}},{"start":{"line":80,"column":43},"end":{"line":80,"column":44}}],"line":80},"24":{"loc":{"start":{"line":80,"column":49},"end":{"line":80,"column":69}},"type":"binary-expr","locations":[{"start":{"line":80,"column":49},"end":{"line":80,"column":64}},{"start":{"line":80,"column":68},"end":{"line":80,"column":69}}],"line":80}},"s":{"0":1,"1":1,"2":1,"3":15,"4":12,"5":3,"6":3,"7":0,"8":3,"9":3,"10":0,"11":0,"12":0,"13":0,"14":0,"15":12,"16":12,"17":14,"18":13,"19":13,"20":17,"21":15,"22":14,"23":15,"24":15,"25":15,"26":15,"27":14,"28":13,"29":5,"30":13},"f":{"0":15,"1":12,"2":14,"3":17,"4":15,"5":14,"6":15,"7":5},"b":{"0":[1,1,1],"1":[1,1,1,0],"2":[12,3],"3":[15,3],"4":[0,3],"5":[3,0],"6":[3,3],"7":[0,0],"8":[0,0],"9":[12,0],"10":[11,2],"11":[2,1],"12":[17,16],"13":[15,1,0],"14":[15,14,13,13,13,13,13,13,13,13,12],"15":[15,13,1,0],"16":[15,12],"17":[15,14,13],"18":[15,14],"19":[15,14],"20":[15,14],"21":[14,1,0],"22":[14,9],"23":[5,0],"24":[5,1]},"_coverageSchema":"1a1c01bbd47fc00a2c39e90264f33305004495a9","hash":"e0673f9e7a7f6d02c99ee072605abc016c52d14f"}
,"/Applications/XAMPP/xamppfiles/htdocs/myuzeTV-App/api/subscription.js": {"path":"/Applications/XAMPP/xamppfiles/htdocs/myuzeTV-App/api/subscription.js","statementMap":{"0":{"start":{"line":11,"column":19},"end":{"line":13,"column":4}},"1":{"start":{"line":14,"column":14},"end":{"line":20,"column":12}},"2":{"start":{"line":21,"column":2},"end":{"line":21,"column":13}},"3":{"start":{"line":31,"column":19},"end":{"line":31,"column":56}},"4":{"start":{"line":32,"column":2},"end":{"line":32,"column":28}}},"fnMap":{"0":{"name":"fetchSubscriptionPlans","decl":{"start":{"line":10,"column":22},"end":{"line":10,"column":44}},"loc":{"start":{"line":10,"column":55},"end":{"line":22,"column":1}},"line":10},"1":{"name":"checkSubscriptionStatus","decl":{"start":{"line":30,"column":22},"end":{"line":30,"column":45}},"loc":{"start":{"line":30,"column":48},"end":{"line":33,"column":1}},"line":30}},"branchMap":{"0":{"loc":{"start":{"line":14,"column":14},"end":{"line":20,"column":12}},"type":"cond-expr","locations":[{"start":{"line":15,"column":6},"end":{"line":15,"column":10}},{"start":{"line":16,"column":6},"end":{"line":20,"column":12}}],"line":14},"1":{"loc":{"start":{"line":16,"column":6},"end":{"line":20,"column":12}},"type":"cond-expr","locations":[{"start":{"line":17,"column":8},"end":{"line":17,"column":17}},{"start":{"line":18,"column":8},"end":{"line":20,"column":12}}],"line":16},"2":{"loc":{"start":{"line":18,"column":8},"end":{"line":20,"column":12}},"type":"cond-expr","locations":[{"start":{"line":19,"column":10},"end":{"line":19,"column":20}},{"start":{"line":20,"column":10},"end":{"line":20,"column":12}}],"line":18},"3":{"loc":{"start":{"line":32,"column":9},"end":{"line":32,"column":27}},"type":"binary-expr","locations":[{"start":{"line":32,"column":9},"end":{"line":32,"column":19}},{"start":{"line":32,"column":23},"end":{"line":32,"column":27}}],"line":32}},"s":{"0":9,"1":8,"2":8,"3":4,"4":3},"f":{"0":9,"1":4},"b":{"0":[3,5],"1":[1,4],"2":[1,3],"3":[3,2]},"_coverageSchema":"1a1c01bbd47fc00a2c39e90264f33305004495a9","hash":"18eefdffd7fd5663a1198ef93c6c1fb9bcbfa7c6"}
,"/Applications/XAMPP/xamppfiles/htdocs/myuzeTV-App/api/watchlist.js": {"path":"/Applications/XAMPP/xamppfiles/htdocs/myuzeTV-App/api/watchlist.js","statementMap":{"0":{"start":{"line":4,"column":2},"end":{"line":5,"column":28}},"1":{"start":{"line":6,"column":20},"end":{"line":6,"column":42}},"2":{"start":{"line":8,"column":2},"end":{"line":10,"column":13}},"3":{"start":{"line":13,"column":2},"end":{"line":13,"column":51}},"4":{"start":{"line":13,"column":39},"end":{"line":13,"column":51}},"5":{"start":{"line":14,"column":18},"end":{"line":14,"column":28}},"6":{"start":{"line":15,"column":2},"end":{"line":15,"column":28}},"7":{"start":{"line":15,"column":16},"end":{"line":15,"column":28}},"8":{"start":{"line":16,"column":2},"end":{"line":18,"column":3}},"9":{"start":{"line":17,"column":4},"end":{"line":17,"column":19}},"10":{"start":{"line":19,"column":2},"end":{"line":21,"column":3}},"11":{"start":{"line":20,"column":4},"end":{"line":20,"column":30}},"12":{"start":{"line":22,"column":2},"end":{"line":24,"column":3}},"13":{"start":{"line":23,"column":4},"end":{"line":23,"column":35}},"14":{"start":{"line":25,"column":2},"end":{"line":25,"column":34}},"15":{"start":{"line":29,"column":15},"end":{"line":29,"column":67}},"16":{"start":{"line":30,"column":2},"end":{"line":30,"column":67}},"17":{"start":{"line":37,"column":19},"end":{"line":37,"column":46}},"18":{"start":{"line":38,"column":14},"end":{"line":38,"column":59}},"19":{"start":{"line":40,"column":2},"end":{"line":67,"column":5}},"20":{"start":{"line":41,"column":18},"end":{"line":41,"column":47}},"21":{"start":{"line":43,"column":6},"end":{"line":53,"column":28}},"22":{"start":{"line":54,"column":21},"end":{"line":54,"column":46}},"23":{"start":{"line":56,"column":4},"end":{"line":66,"column":6}},"24":{"start":{"line":75,"column":19},"end":{"line":75,"column":70}},"25":{"start":{"line":76,"column":2},"end":{"line":76,"column":14}},"26":{"start":{"line":84,"column":19},"end":{"line":84,"column":60}},"27":{"start":{"line":85,"column":2},"end":{"line":85,"column":14}}},"fnMap":{"0":{"name":"resolveImageUrl","decl":{"start":{"line":12,"column":9},"end":{"line":12,"column":24}},"loc":{"start":{"line":12,"column":30},"end":{"line":26,"column":1}},"line":12},"1":{"name":"placeholderFor","decl":{"start":{"line":28,"column":9},"end":{"line":28,"column":23}},"loc":{"start":{"line":28,"column":31},"end":{"line":31,"column":1}},"line":28},"2":{"name":"fetchWatchlist","decl":{"start":{"line":36,"column":22},"end":{"line":36,"column":36}},"loc":{"start":{"line":36,"column":39},"end":{"line":68,"column":1}},"line":36},"3":{"name":"(anonymous_3)","decl":{"start":{"line":40,"column":17},"end":{"line":40,"column":18}},"loc":{"start":{"line":40,"column":27},"end":{"line":67,"column":3}},"line":40},"4":{"name":"addToWatchlist","decl":{"start":{"line":74,"column":22},"end":{"line":74,"column":36}},"loc":{"start":{"line":74,"column":46},"end":{"line":77,"column":1}},"line":74},"5":{"name":"removeFromWatchlist","decl":{"start":{"line":83,"column":22},"end":{"line":83,"column":41}},"loc":{"start":{"line":83,"column":51},"end":{"line":86,"column":1}},"line":83}},"branchMap":{"0":{"loc":{"start":{"line":4,"column":2},"end":{"line":5,"column":28}},"type":"binary-expr","locations":[{"start":{"line":4,"column":3},"end":{"line":4,"column":33}},{"start":{"line":4,"column":37},"end":{"line":4,"column":69}},{"start":{"line":5,"column":2},"end":{"line":5,"column":28}}],"line":4},"1":{"loc":{"start":{"line":8,"column":2},"end":{"line":10,"column":13}},"type":"binary-expr","locations":[{"start":{"line":8,"column":3},"end":{"line":8,"column":33}},{"start":{"line":8,"column":37},"end":{"line":8,"column":69}},{"start":{"line":9,"column":2},"end":{"line":9,"column":35}},{"start":{"line":10,"column":2},"end":{"line":10,"column":13}}],"line":8},"2":{"loc":{"start":{"line":13,"column":2},"end":{"line":13,"column":51}},"type":"if","locations":[{"start":{"line":13,"column":2},"end":{"line":13,"column":51}},{"start":{},"end":{}}],"line":13},"3":{"loc":{"start":{"line":13,"column":6},"end":{"line":13,"column":37}},"type":"binary-expr","locations":[{"start":{"line":13,"column":6},"end":{"line":13,"column":10}},{"start":{"line":13,"column":14},"end":{"line":13,"column":37}}],"line":13},"4":{"loc":{"start":{"line":15,"column":2},"end":{"line":15,"column":28}},"type":"if","locations":[{"start":{"line":15,"column":2},"end":{"line":15,"column":28}},{"start":{},"end":{}}],"line":15},"5":{"loc":{"start":{"line":16,"column":2},"end":{"line":18,"column":3}},"type":"if","locations":[{"start":{"line":16,"column":2},"end":{"line":18,"column":3}},{"start":{},"end":{}}],"line":16},"6":{"loc":{"start":{"line":16,"column":6},"end":{"line":16,"column":69}},"type":"binary-expr","locations":[{"start":{"line":16,"column":6},"end":{"line":16,"column":35}},{"start":{"line":16,"column":39},"end":{"line":16,"column":69}}],"line":16},"7":{"loc":{"start":{"line":19,"column":2},"end":{"line":21,"column":3}},"type":"if","locations":[{"start":{"line":19,"column":2},"end":{"line":21,"column":3}},{"start":{},"end":{}}],"line":19},"8":{"loc":{"start":{"line":22,"column":2},"end":{"line":24,"column":3}},"type":"if","locations":[{"start":{"line":22,"column":2},"end":{"line":24,"column":3}},{"start":{},"end":{}}],"line":22},"9":{"loc":{"start":{"line":29,"column":35},"end":{"line":29,"column":52}},"type":"binary-expr","locations":[{"start":{"line":29,"column":35},"end":{"line":29,"column":40}},{"start":{"line":29,"column":44},"end":{"line":29,"column":52}}],"line":29},"10":{"loc":{"start":{"line":38,"column":14},"end":{"line":38,"column":59}},"type":"cond-expr","locations":[{"start":{"line":38,"column":36},"end":{"line":38,"column":40}},{"start":{"line":38,"column":43},"end":{"line":38,"column":59}}],"line":38},"11":{"loc":{"start":{"line":38,"column":43},"end":{"line":38,"column":59}},"type":"binary-expr","locations":[{"start":{"line":38,"column":43},"end":{"line":38,"column":53}},{"start":{"line":38,"column":57},"end":{"line":38,"column":59}}],"line":38},"12":{"loc":{"start":{"line":41,"column":18},"end":{"line":41,"column":47}},"type":"binary-expr","locations":[{"start":{"line":41,"column":18},"end":{"line":41,"column":28}},{"start":{"line":41,"column":32},"end":{"line":41,"column":41}},{"start":{"line":41,"column":45},"end":{"line":41,"column":47}}],"line":41},"13":{"loc":{"start":{"line":43,"column":6},"end":{"line":53,"column":28}},"type":"binary-expr","locations":[{"start":{"line":43,"column":6},"end":{"line":43,"column":24}},{"start":{"line":44,"column":6},"end":{"line":44,"column":21}},{"start":{"line":45,"column":6},"end":{"line":45,"column":20}},{"start":{"line":46,"column":6},"end":{"line":46,"column":16}},{"start":{"line":47,"column":6},"end":{"line":47,"column":17}},{"start":{"line":48,"column":6},"end":{"line":48,"column":21}},{"start":{"line":49,"column":6},"end":{"line":49,"column":16}},{"start":{"line":50,"column":6},"end":{"line":50,"column":22}},{"start":{"line":51,"column":6},"end":{"line":51,"column":20}},{"start":{"line":52,"column":6},"end":{"line":52,"column":31}},{"start":{"line":53,"column":6},"end":{"line":53,"column":28}}],"line":43},"14":{"loc":{"start":{"line":57,"column":17},"end":{"line":57,"column":60}},"type":"binary-expr","locations":[{"start":{"line":57,"column":17},"end":{"line":57,"column":26}},{"start":{"line":57,"column":30},"end":{"line":57,"column":37}},{"start":{"line":57,"column":41},"end":{"line":57,"column":54}},{"start":{"line":57,"column":58},"end":{"line":57,"column":60}}],"line":57},"15":{"loc":{"start":{"line":59,"column":13},"end":{"line":59,"column":46}},"type":"binary-expr","locations":[{"start":{"line":59,"column":13},"end":{"line":59,"column":21}},{"start":{"line":59,"column":25},"end":{"line":59,"column":46}}],"line":59},"16":{"loc":{"start":{"line":60,"column":13},"end":{"line":60,"column":46}},"type":"binary-expr","locations":[{"start":{"line":60,"column":13},"end":{"line":60,"column":23}},{"start":{"line":60,"column":27},"end":{"line":60,"column":40}},{"start":{"line":60,"column":44},"end":{"line":60,"column":46}}],"line":60},"17":{"loc":{"start":{"line":61,"column":20},"end":{"line":61,"column":55}},"type":"binary-expr","locations":[{"start":{"line":61,"column":20},"end":{"line":61,"column":39}},{"start":{"line":61,"column":43},"end":{"line":61,"column":55}}],"line":61},"18":{"loc":{"start":{"line":64,"column":19},"end":{"line":64,"column":56}},"type":"binary-expr","locations":[{"start":{"line":64,"column":19},"end":{"line":64,"column":36}},{"start":{"line":64,"column":40},"end":{"line":64,"column":56}}],"line":64},"19":{"loc":{"start":{"line":65,"column":13},"end":{"line":65,"column":38}},"type":"binary-expr","locations":[{"start":{"line":65,"column":13},"end":{"line":65,"column":24}},{"start":{"line":65,"column":28},"end":{"line":65,"column":38}}],"line":65}},"s":{"0":1,"1":1,"2":1,"3":16,"4":12,"5":4,"6":4,"7":0,"8":4,"9":4,"10":0,"11":0,"12":0,"13":0,"14":0,"15":12,"16":12,"17":11,"18":10,"19":10,"20":16,"21":16,"22":16,"23":16,"24":3,"25":2,"26":3,"27":2},"f":{"0":16,"1":12,"2":11,"3":16,"4":3,"5":3},"b":{"0":[1,1,1],"1":[1,1,1,0],"2":[12,4],"3":[16,4],"4":[0,4],"5":[4,0],"6":[4,4],"7":[0,0],"8":[0,0],"9":[12,0],"10":[8,2],"11":[2,1],"12":[16,1,0],"13":[16,15,14,14,14,13,13,13,13,13,12],"14":[16,14,1,0],"15":[16,12],"16":[16,13,12],"17":[16,14],"18":[16,15],"19":[16,15]},"_coverageSchema":"1a1c01bbd47fc00a2c39e90264f33305004495a9","hash":"47477b82fbbce24c79fd7bb340e949c048213cff"}
,"/Applications/XAMPP/xamppfiles/htdocs/myuzeTV-App/components/BottomNav.tsx": {"path":"/Applications/XAMPP/xamppfiles/htdocs/myuzeTV-App/components/BottomNav.tsx","statementMap":{"0":{"start":{"line":5,"column":13},"end":{"line":9,"column":10}},"1":{"start":{"line":18,"column":17},"end":{"line":18,"column":28}},"2":{"start":{"line":20,"column":2},"end":{"line":54,"column":4}},"3":{"start":{"line":24,"column":27},"end":{"line":24,"column":43}},"4":{"start":{"line":25,"column":10},"end":{"line":50,"column":12}},"5":{"start":{"line":29,"column":29},"end":{"line":29,"column":56}}},"fnMap":{"0":{"name":"BottomNav","decl":{"start":{"line":17,"column":16},"end":{"line":17,"column":25}},"loc":{"start":{"line":17,"column":57},"end":{"line":55,"column":1}},"line":17},"1":{"name":"(anonymous_1)","decl":{"start":{"line":23,"column":18},"end":{"line":23,"column":19}},"loc":{"start":{"line":23,"column":55},"end":{"line":51,"column":9}},"line":23},"2":{"name":"(anonymous_2)","decl":{"start":{"line":29,"column":23},"end":{"line":29,"column":24}},"loc":{"start":{"line":29,"column":29},"end":{"line":29,"column":56}},"line":29}},"branchMap":{"0":{"loc":{"start":{"line":35,"column":25},"end":{"line":35,"column":69}},"type":"cond-expr","locations":[{"start":{"line":35,"column":36},"end":{"line":35,"column":43}},{"start":{"line":35,"column":46},"end":{"line":35,"column":69}}],"line":35},"1":{"loc":{"start":{"line":36,"column":31},"end":{"line":36,"column":51}},"type":"cond-expr","locations":[{"start":{"line":36,"column":42},"end":{"line":36,"column":45}},{"start":{"line":36,"column":48},"end":{"line":36,"column":51}}],"line":36},"2":{"loc":{"start":{"line":40,"column":20},"end":{"line":40,"column":61}},"type":"cond-expr","locations":[{"start":{"line":40,"column":31},"end":{"line":40,"column":43}},{"start":{"line":40,"column":46},"end":{"line":40,"column":61}}],"line":40},"3":{"loc":{"start":{"line":46,"column":15},"end":{"line":48,"column":15}},"type":"binary-expr","locations":[{"start":{"line":46,"column":15},"end":{"line":46,"column":23}},{"start":{"line":47,"column":16},"end":{"line":47,"column":87}}],"line":46}},"s":{"0":1,"1":8,"2":8,"3":24,"4":24,"5":3},"f":{"0":8,"1":24,"2":3},"b":{"0":[8,16],"1":[8,16],"2":[8,16],"3":[24,8]},"_coverageSchema":"1a1c01bbd47fc00a2c39e90264f33305004495a9","hash":"6a4e45e28ab300ff78d733209b38220254c8eb5d"}
,"/Applications/XAMPP/xamppfiles/htdocs/myuzeTV-App/components/DramaDetailScreen.tsx": {"path":"/Applications/XAMPP/xamppfiles/htdocs/myuzeTV-App/components/DramaDetailScreen.tsx","statementMap":{"0":{"start":{"line":12,"column":2},"end":{"line":12,"column":19}},"1":{"start":{"line":12,"column":10},"end":{"line":12,"column":19}},"2":{"start":{"line":13,"column":14},"end":{"line":13,"column":27}},"3":{"start":{"line":14,"column":2},"end":{"line":14,"column":27}},"4":{"start":{"line":14,"column":18},"end":{"line":14,"column":27}},"5":{"start":{"line":15,"column":16},"end":{"line":15,"column":31}},"6":{"start":{"line":16,"column":2},"end":{"line":16,"column":57}},"7":{"start":{"line":16,"column":27},"end":{"line":16,"column":57}},"8":{"start":{"line":17,"column":2},"end":{"line":17,"column":60}},"9":{"start":{"line":17,"column":27},"end":{"line":17,"column":60}},"10":{"start":{"line":18,"column":2},"end":{"line":18,"column":25}},"11":{"start":{"line":23,"column":2},"end":{"line":23,"column":78}},"12":{"start":{"line":23,"column":20},"end":{"line":23,"column":78}},"13":{"start":{"line":24,"column":2},"end":{"line":24,"column":72}},"14":{"start":{"line":24,"column":17},"end":{"line":24,"column":72}},"15":{"start":{"line":25,"column":2},"end":{"line":25,"column":19}},"16":{"start":{"line":69,"column":22},"end":{"line":69,"column":53}},"17":{"start":{"line":72,"column":2},"end":{"line":72,"column":60}},"18":{"start":{"line":79,"column":2},"end":{"line":79,"column":24}},"19":{"start":{"line":79,"column":14},"end":{"line":79,"column":24}},"20":{"start":{"line":80,"column":2},"end":{"line":80,"column":41}},"21":{"start":{"line":80,"column":28},"end":{"line":80,"column":41}},"22":{"start":{"line":81,"column":2},"end":{"line":84,"column":21}},"23":{"start":{"line":83,"column":16},"end":{"line":83,"column":24}},"24":{"start":{"line":91,"column":2},"end":{"line":91,"column":91}},"25":{"start":{"line":91,"column":29},"end":{"line":91,"column":91}},"26":{"start":{"line":94,"column":27},"end":{"line":99,"column":8}},"27":{"start":{"line":95,"column":4},"end":{"line":97,"column":5}},"28":{"start":{"line":96,"column":6},"end":{"line":96,"column":17}},"29":{"start":{"line":98,"column":4},"end":{"line":98,"column":15}},"30":{"start":{"line":101,"column":2},"end":{"line":104,"column":3}},"31":{"start":{"line":102,"column":19},"end":{"line":102,"column":49}},"32":{"start":{"line":103,"column":4},"end":{"line":103,"column":58}},"33":{"start":{"line":107,"column":2},"end":{"line":109,"column":3}},"34":{"start":{"line":108,"column":4},"end":{"line":108,"column":28}},"35":{"start":{"line":112,"column":26},"end":{"line":112,"column":69}},"36":{"start":{"line":112,"column":48},"end":{"line":112,"column":68}},"37":{"start":{"line":113,"column":2},"end":{"line":115,"column":3}},"38":{"start":{"line":114,"column":4},"end":{"line":114,"column":45}},"39":{"start":{"line":117,"column":2},"end":{"line":117,"column":64}},"40":{"start":{"line":127,"column":2},"end":{"line":127,"column":72}},"41":{"start":{"line":127,"column":29},"end":{"line":127,"column":72}},"42":{"start":{"line":129,"column":27},"end":{"line":134,"column":8}},"43":{"start":{"line":130,"column":4},"end":{"line":132,"column":5}},"44":{"start":{"line":131,"column":6},"end":{"line":131,"column":17}},"45":{"start":{"line":133,"column":4},"end":{"line":133,"column":15}},"46":{"start":{"line":136,"column":2},"end":{"line":142,"column":3}},"47":{"start":{"line":137,"column":19},"end":{"line":137,"column":49}},"48":{"start":{"line":138,"column":4},"end":{"line":141,"column":6}},"49":{"start":{"line":144,"column":18},"end":{"line":144,"column":29}},"50":{"start":{"line":145,"column":2},"end":{"line":148,"column":4}},"51":{"start":{"line":156,"column":21},"end":{"line":156,"column":40}},"52":{"start":{"line":157,"column":22},"end":{"line":157,"column":52}},"53":{"start":{"line":159,"column":2},"end":{"line":227,"column":4}},"54":{"start":{"line":210,"column":12},"end":{"line":222,"column":19}},"55":{"start":{"line":244,"column":19},"end":{"line":244,"column":63}},"56":{"start":{"line":245,"column":20},"end":{"line":245,"column":48}},"57":{"start":{"line":247,"column":2},"end":{"line":312,"column":4}},"58":{"start":{"line":320,"column":17},"end":{"line":320,"column":36}},"59":{"start":{"line":321,"column":2},"end":{"line":321,"column":39}},"60":{"start":{"line":321,"column":27},"end":{"line":321,"column":39}},"61":{"start":{"line":323,"column":2},"end":{"line":336,"column":4}},"62":{"start":{"line":326,"column":8},"end":{"line":333,"column":15}},"63":{"start":{"line":349,"column":27},"end":{"line":349,"column":36}},"64":{"start":{"line":350,"column":17},"end":{"line":350,"column":28}},"65":{"start":{"line":351,"column":17},"end":{"line":351,"column":36}},"66":{"start":{"line":352,"column":26},"end":{"line":352,"column":46}},"67":{"start":{"line":354,"column":4},"end":{"line":354,"column":18}},"68":{"start":{"line":355,"column":28},"end":{"line":355,"column":43}},"69":{"start":{"line":356,"column":36},"end":{"line":356,"column":47}},"70":{"start":{"line":357,"column":34},"end":{"line":357,"column":49}},"71":{"start":{"line":358,"column":31},"end":{"line":358,"column":44}},"72":{"start":{"line":361,"column":20},"end":{"line":361,"column":37}},"73":{"start":{"line":362,"column":28},"end":{"line":364,"column":5}},"74":{"start":{"line":362,"column":52},"end":{"line":364,"column":3}},"75":{"start":{"line":367,"column":2},"end":{"line":369,"column":3}},"76":{"start":{"line":368,"column":4},"end":{"line":368,"column":30}},"77":{"start":{"line":372,"column":2},"end":{"line":376,"column":3}},"78":{"start":{"line":373,"column":4},"end":{"line":373,"column":40}},"79":{"start":{"line":374,"column":19},"end":{"line":374,"column":51}},"80":{"start":{"line":375,"column":4},"end":{"line":375,"column":25}},"81":{"start":{"line":378,"column":21},"end":{"line":378,"column":40}},"82":{"start":{"line":379,"column":17},"end":{"line":379,"column":42}},"83":{"start":{"line":380,"column":18},"end":{"line":380,"column":59}},"84":{"start":{"line":381,"column":20},"end":{"line":381,"column":49}},"85":{"start":{"line":383,"column":21},"end":{"line":391,"column":3}},"86":{"start":{"line":384,"column":4},"end":{"line":384,"column":53}},"87":{"start":{"line":385,"column":4},"end":{"line":390,"column":7}},"88":{"start":{"line":393,"column":27},"end":{"line":403,"column":3}},"89":{"start":{"line":394,"column":21},"end":{"line":394,"column":60}},"90":{"start":{"line":395,"column":4},"end":{"line":395,"column":40}},"91":{"start":{"line":396,"column":4},"end":{"line":402,"column":7}},"92":{"start":{"line":405,"column":25},"end":{"line":407,"column":3}},"93":{"start":{"line":406,"column":4},"end":{"line":406,"column":35}},"94":{"start":{"line":409,"column":2},"end":{"line":680,"column":4}},"95":{"start":{"line":435,"column":14},"end":{"line":439,"column":15}},"96":{"start":{"line":436,"column":16},"end":{"line":436,"column":30}},"97":{"start":{"line":438,"column":16},"end":{"line":438,"column":36}},"98":{"start":{"line":468,"column":29},"end":{"line":468,"column":35}},"99":{"start":{"line":469,"column":12},"end":{"line":469,"column":31}},"100":{"start":{"line":470,"column":12},"end":{"line":470,"column":58}},"101":{"start":{"line":470,"column":32},"end":{"line":470,"column":56}},"102":{"start":{"line":472,"column":12},"end":{"line":475,"column":14}},"103":{"start":{"line":476,"column":12},"end":{"line":480,"column":15}},"104":{"start":{"line":507,"column":12},"end":{"line":512,"column":15}},"105":{"start":{"line":513,"column":12},"end":{"line":517,"column":15}},"106":{"start":{"line":579,"column":12},"end":{"line":579,"column":83}},"107":{"start":{"line":602,"column":36},"end":{"line":602,"column":64}},"108":{"start":{"line":602,"column":58},"end":{"line":602,"column":63}},"109":{"start":{"line":622,"column":12},"end":{"line":628,"column":19}},"110":{"start":{"line":625,"column":29},"end":{"line":625,"column":49}},"111":{"start":{"line":643,"column":16},"end":{"line":670,"column":28}},"112":{"start":{"line":644,"column":33},"end":{"line":644,"column":56}}},"fnMap":{"0":{"name":"parseCompactNumber","decl":{"start":{"line":11,"column":9},"end":{"line":11,"column":27}},"loc":{"start":{"line":11,"column":47},"end":{"line":19,"column":1}},"line":11},"1":{"name":"formatCompactNumber","decl":{"start":{"line":22,"column":9},"end":{"line":22,"column":28}},"loc":{"start":{"line":22,"column":48},"end":{"line":26,"column":1}},"line":22},"2":{"name":"computeHeroHeight","decl":{"start":{"line":71,"column":9},"end":{"line":71,"column":26}},"loc":{"start":{"line":71,"column":37},"end":{"line":73,"column":1}},"line":71},"3":{"name":"parseGenres","decl":{"start":{"line":78,"column":9},"end":{"line":78,"column":20}},"loc":{"start":{"line":78,"column":69},"end":{"line":85,"column":1}},"line":78},"4":{"name":"(anonymous_4)","decl":{"start":{"line":83,"column":9},"end":{"line":83,"column":10}},"loc":{"start":{"line":83,"column":16},"end":{"line":83,"column":24}},"line":83},"5":{"name":"getCTAText","decl":{"start":{"line":90,"column":9},"end":{"line":90,"column":19}},"loc":{"start":{"line":90,"column":72},"end":{"line":118,"column":1}},"line":90},"6":{"name":"(anonymous_6)","decl":{"start":{"line":94,"column":43},"end":{"line":94,"column":44}},"loc":{"start":{"line":94,"column":61},"end":{"line":99,"column":3}},"line":94},"7":{"name":"(anonymous_7)","decl":{"start":{"line":112,"column":40},"end":{"line":112,"column":41}},"loc":{"start":{"line":112,"column":48},"end":{"line":112,"column":68}},"line":112},"8":{"name":"getCTATarget","decl":{"start":{"line":123,"column":9},"end":{"line":123,"column":21}},"loc":{"start":{"line":126,"column":2},"end":{"line":149,"column":1}},"line":126},"9":{"name":"(anonymous_9)","decl":{"start":{"line":129,"column":43},"end":{"line":129,"column":44}},"loc":{"start":{"line":129,"column":61},"end":{"line":134,"column":3}},"line":129},"10":{"name":"DetailSkeleton","decl":{"start":{"line":155,"column":9},"end":{"line":155,"column":23}},"loc":{"start":{"line":155,"column":26},"end":{"line":228,"column":1}},"line":155},"11":{"name":"(anonymous_11)","decl":{"start":{"line":209,"column":28},"end":{"line":209,"column":29}},"loc":{"start":{"line":210,"column":12},"end":{"line":222,"column":19}},"line":210},"12":{"name":"EpisodeCard","decl":{"start":{"line":234,"column":9},"end":{"line":234,"column":20}},"loc":{"start":{"line":242,"column":3},"end":{"line":313,"column":1}},"line":242},"13":{"name":"GenreChips","decl":{"start":{"line":319,"column":9},"end":{"line":319,"column":19}},"loc":{"start":{"line":319,"column":54},"end":{"line":337,"column":1}},"line":319},"14":{"name":"(anonymous_14)","decl":{"start":{"line":325,"column":18},"end":{"line":325,"column":19}},"loc":{"start":{"line":326,"column":8},"end":{"line":333,"column":15}},"line":326},"15":{"name":"DramaDetailScreen","decl":{"start":{"line":343,"column":16},"end":{"line":343,"column":33}},"loc":{"start":{"line":348,"column":27},"end":{"line":681,"column":1}},"line":348},"16":{"name":"(anonymous_16)","decl":{"start":{"line":362,"column":45},"end":{"line":362,"column":46}},"loc":{"start":{"line":362,"column":52},"end":{"line":364,"column":3}},"line":362},"17":{"name":"(anonymous_17)","decl":{"start":{"line":383,"column":21},"end":{"line":383,"column":22}},"loc":{"start":{"line":383,"column":66},"end":{"line":391,"column":3}},"line":383},"18":{"name":"(anonymous_18)","decl":{"start":{"line":393,"column":27},"end":{"line":393,"column":28}},"loc":{"start":{"line":393,"column":44},"end":{"line":403,"column":3}},"line":393},"19":{"name":"(anonymous_19)","decl":{"start":{"line":405,"column":25},"end":{"line":405,"column":26}},"loc":{"start":{"line":405,"column":41},"end":{"line":407,"column":3}},"line":405},"20":{"name":"(anonymous_20)","decl":{"start":{"line":434,"column":21},"end":{"line":434,"column":22}},"loc":{"start":{"line":434,"column":27},"end":{"line":440,"column":13}},"line":434},"21":{"name":"(anonymous_21)","decl":{"start":{"line":467,"column":19},"end":{"line":467,"column":20}},"loc":{"start":{"line":467,"column":25},"end":{"line":481,"column":11}},"line":467},"22":{"name":"(anonymous_22)","decl":{"start":{"line":470,"column":25},"end":{"line":470,"column":26}},"loc":{"start":{"line":470,"column":32},"end":{"line":470,"column":56}},"line":470},"23":{"name":"(anonymous_23)","decl":{"start":{"line":506,"column":19},"end":{"line":506,"column":20}},"loc":{"start":{"line":506,"column":25},"end":{"line":518,"column":11}},"line":506},"24":{"name":"(anonymous_24)","decl":{"start":{"line":578,"column":19},"end":{"line":578,"column":20}},"loc":{"start":{"line":579,"column":12},"end":{"line":579,"column":83}},"line":579},"25":{"name":"(anonymous_25)","decl":{"start":{"line":602,"column":30},"end":{"line":602,"column":31}},"loc":{"start":{"line":602,"column":36},"end":{"line":602,"column":64}},"line":602},"26":{"name":"(anonymous_26)","decl":{"start":{"line":602,"column":48},"end":{"line":602,"column":49}},"loc":{"start":{"line":602,"column":58},"end":{"line":602,"column":63}},"line":602},"27":{"name":"(anonymous_27)","decl":{"start":{"line":621,"column":31},"end":{"line":621,"column":32}},"loc":{"start":{"line":622,"column":12},"end":{"line":628,"column":19}},"line":622},"28":{"name":"(anonymous_28)","decl":{"start":{"line":625,"column":23},"end":{"line":625,"column":24}},"loc":{"start":{"line":625,"column":29},"end":{"line":625,"column":49}},"line":625},"29":{"name":"(anonymous_29)","decl":{"start":{"line":642,"column":26},"end":{"line":642,"column":27}},"loc":{"start":{"line":643,"column":16},"end":{"line":670,"column":28}},"line":643},"30":{"name":"(anonymous_30)","decl":{"start":{"line":644,"column":27},"end":{"line":644,"column":28}},"loc":{"start":{"line":644,"column":33},"end":{"line":644,"column":56}},"line":644}},"branchMap":{"0":{"loc":{"start":{"line":12,"column":2},"end":{"line":12,"column":19}},"type":"if","locations":[{"start":{"line":12,"column":2},"end":{"line":12,"column":19}},{"start":{},"end":{}}],"line":12},"1":{"loc":{"start":{"line":14,"column":2},"end":{"line":14,"column":27}},"type":"if","locations":[{"start":{"line":14,"column":2},"end":{"line":14,"column":27}},{"start":{},"end":{}}],"line":14},"2":{"loc":{"start":{"line":16,"column":2},"end":{"line":16,"column":57}},"type":"if","locations":[{"start":{"line":16,"column":2},"end":{"line":16,"column":57}},{"start":{},"end":{}}],"line":16},"3":{"loc":{"start":{"line":17,"column":2},"end":{"line":17,"column":60}},"type":"if","locations":[{"start":{"line":17,"column":2},"end":{"line":17,"column":60}},{"start":{},"end":{}}],"line":17},"4":{"loc":{"start":{"line":23,"column":2},"end":{"line":23,"column":78}},"type":"if","locations":[{"start":{"line":23,"column":2},"end":{"line":23,"column":78}},{"start":{},"end":{}}],"line":23},"5":{"loc":{"start":{"line":24,"column":2},"end":{"line":24,"column":72}},"type":"if","locations":[{"start":{"line":24,"column":2},"end":{"line":24,"column":72}},{"start":{},"end":{}}],"line":24},"6":{"loc":{"start":{"line":79,"column":2},"end":{"line":79,"column":24}},"type":"if","locations":[{"start":{"line":79,"column":2},"end":{"line":79,"column":24}},{"start":{},"end":{}}],"line":79},"7":{"loc":{"start":{"line":80,"column":2},"end":{"line":80,"column":41}},"type":"if","locations":[{"start":{"line":80,"column":2},"end":{"line":80,"column":41}},{"start":{},"end":{}}],"line":80},"8":{"loc":{"start":{"line":91,"column":2},"end":{"line":91,"column":91}},"type":"if","locations":[{"start":{"line":91,"column":2},"end":{"line":91,"column":91}},{"start":{},"end":{}}],"line":91},"9":{"loc":{"start":{"line":91,"column":36},"end":{"line":91,"column":90}},"type":"cond-expr","locations":[{"start":{"line":91,"column":51},"end":{"line":91,"column":67}},{"start":{"line":91,"column":70},"end":{"line":91,"column":90}}],"line":91},"10":{"loc":{"start":{"line":95,"column":4},"end":{"line":97,"column":5}},"type":"if","locations":[{"start":{"line":95,"column":4},"end":{"line":97,"column":5}},{"start":{},"end":{}}],"line":95},"11":{"loc":{"start":{"line":95,"column":8},"end":{"line":95,"column":67}},"type":"binary-expr","locations":[{"start":{"line":95,"column":8},"end":{"line":95,"column":31}},{"start":{"line":95,"column":36},"end":{"line":95,"column":47}},{"start":{"line":95,"column":51},"end":{"line":95,"column":66}}],"line":95},"12":{"loc":{"start":{"line":101,"column":2},"end":{"line":104,"column":3}},"type":"if","locations":[{"start":{"line":101,"column":2},"end":{"line":104,"column":3}},{"start":{},"end":{}}],"line":101},"13":{"loc":{"start":{"line":101,"column":6},"end":{"line":101,"column":69}},"type":"binary-expr","locations":[{"start":{"line":101,"column":6},"end":{"line":101,"column":27}},{"start":{"line":101,"column":31},"end":{"line":101,"column":69}}],"line":101},"14":{"loc":{"start":{"line":107,"column":2},"end":{"line":109,"column":3}},"type":"if","locations":[{"start":{"line":107,"column":2},"end":{"line":109,"column":3}},{"start":{},"end":{}}],"line":107},"15":{"loc":{"start":{"line":113,"column":2},"end":{"line":115,"column":3}},"type":"if","locations":[{"start":{"line":113,"column":2},"end":{"line":115,"column":3}},{"start":{},"end":{}}],"line":113},"16":{"loc":{"start":{"line":117,"column":9},"end":{"line":117,"column":63}},"type":"cond-expr","locations":[{"start":{"line":117,"column":24},"end":{"line":117,"column":40}},{"start":{"line":117,"column":43},"end":{"line":117,"column":63}}],"line":117},"17":{"loc":{"start":{"line":127,"column":2},"end":{"line":127,"column":72}},"type":"if","locations":[{"start":{"line":127,"column":2},"end":{"line":127,"column":72}},{"start":{},"end":{}}],"line":127},"18":{"loc":{"start":{"line":130,"column":4},"end":{"line":132,"column":5}},"type":"if","locations":[{"start":{"line":130,"column":4},"end":{"line":132,"column":5}},{"start":{},"end":{}}],"line":130},"19":{"loc":{"start":{"line":130,"column":8},"end":{"line":130,"column":67}},"type":"binary-expr","locations":[{"start":{"line":130,"column":8},"end":{"line":130,"column":31}},{"start":{"line":130,"column":36},"end":{"line":130,"column":47}},{"start":{"line":130,"column":51},"end":{"line":130,"column":66}}],"line":130},"20":{"loc":{"start":{"line":136,"column":2},"end":{"line":142,"column":3}},"type":"if","locations":[{"start":{"line":136,"column":2},"end":{"line":142,"column":3}},{"start":{},"end":{}}],"line":136},"21":{"loc":{"start":{"line":136,"column":6},"end":{"line":136,"column":69}},"type":"binary-expr","locations":[{"start":{"line":136,"column":6},"end":{"line":136,"column":27}},{"start":{"line":136,"column":31},"end":{"line":136,"column":69}}],"line":136},"22":{"loc":{"start":{"line":237,"column":2},"end":{"line":237,"column":22}},"type":"default-arg","locations":[{"start":{"line":237,"column":17},"end":{"line":237,"column":22}}],"line":237},"23":{"loc":{"start":{"line":244,"column":19},"end":{"line":244,"column":63}},"type":"binary-expr","locations":[{"start":{"line":244,"column":19},"end":{"line":244,"column":46}},{"start":{"line":244,"column":50},"end":{"line":244,"column":63}}],"line":244},"24":{"loc":{"start":{"line":259,"column":38},"end":{"line":259,"column":66}},"type":"cond-expr","locations":[{"start":{"line":259,"column":49},"end":{"line":259,"column":61}},{"start":{"line":259,"column":64},"end":{"line":259,"column":66}}],"line":259},"25":{"loc":{"start":{"line":261,"column":9},"end":{"line":270,"column":9}},"type":"binary-expr","locations":[{"start":{"line":261,"column":9},"end":{"line":261,"column":17}},{"start":{"line":262,"column":10},"end":{"line":269,"column":17}}],"line":261},"26":{"loc":{"start":{"line":271,"column":9},"end":{"line":275,"column":9}},"type":"binary-expr","locations":[{"start":{"line":271,"column":9},"end":{"line":271,"column":18}},{"start":{"line":272,"column":10},"end":{"line":274,"column":17}}],"line":271},"27":{"loc":{"start":{"line":276,"column":9},"end":{"line":296,"column":9}},"type":"binary-expr","locations":[{"start":{"line":276,"column":9},"end":{"line":276,"column":18}},{"start":{"line":277,"column":10},"end":{"line":295,"column":13}}],"line":276},"28":{"loc":{"start":{"line":297,"column":9},"end":{"line":301,"column":9}},"type":"binary-expr","locations":[{"start":{"line":297,"column":9},"end":{"line":297,"column":17}},{"start":{"line":298,"column":10},"end":{"line":300,"column":17}}],"line":297},"29":{"loc":{"start":{"line":306,"column":7},"end":{"line":310,"column":7}},"type":"binary-expr","locations":[{"start":{"line":306,"column":7},"end":{"line":306,"column":16}},{"start":{"line":306,"column":20},"end":{"line":306,"column":38}},{"start":{"line":307,"column":8},"end":{"line":309,"column":15}}],"line":306},"30":{"loc":{"start":{"line":321,"column":2},"end":{"line":321,"column":39}},"type":"if","locations":[{"start":{"line":321,"column":2},"end":{"line":321,"column":39}},{"start":{},"end":{}}],"line":321},"31":{"loc":{"start":{"line":346,"column":2},"end":{"line":346,"column":19}},"type":"default-arg","locations":[{"start":{"line":346,"column":17},"end":{"line":346,"column":19}}],"line":346},"32":{"loc":{"start":{"line":347,"column":2},"end":{"line":347,"column":19}},"type":"default-arg","locations":[{"start":{"line":347,"column":14},"end":{"line":347,"column":19}}],"line":347},"33":{"loc":{"start":{"line":367,"column":2},"end":{"line":369,"column":3}},"type":"if","locations":[{"start":{"line":367,"column":2},"end":{"line":369,"column":3}},{"start":{},"end":{}}],"line":367},"34":{"loc":{"start":{"line":367,"column":6},"end":{"line":367,"column":26}},"type":"binary-expr","locations":[{"start":{"line":367,"column":6},"end":{"line":367,"column":15}},{"start":{"line":367,"column":19},"end":{"line":367,"column":26}}],"line":367},"35":{"loc":{"start":{"line":372,"column":2},"end":{"line":376,"column":3}},"type":"if","locations":[{"start":{"line":372,"column":2},"end":{"line":376,"column":3}},{"start":{},"end":{}}],"line":372},"36":{"loc":{"start":{"line":372,"column":6},"end":{"line":372,"column":51}},"type":"binary-expr","locations":[{"start":{"line":372,"column":6},"end":{"line":372,"column":35}},{"start":{"line":372,"column":39},"end":{"line":372,"column":51}}],"line":372},"37":{"loc":{"start":{"line":394,"column":21},"end":{"line":394,"column":60}},"type":"binary-expr","locations":[{"start":{"line":394,"column":21},"end":{"line":394,"column":43}},{"start":{"line":394,"column":47},"end":{"line":394,"column":60}}],"line":394},"38":{"loc":{"start":{"line":435,"column":14},"end":{"line":439,"column":15}},"type":"if","locations":[{"start":{"line":435,"column":14},"end":{"line":439,"column":15}},{"start":{"line":437,"column":21},"end":{"line":439,"column":15}}],"line":435},"39":{"loc":{"start":{"line":470,"column":32},"end":{"line":470,"column":56}},"type":"cond-expr","locations":[{"start":{"line":470,"column":43},"end":{"line":470,"column":48}},{"start":{"line":470,"column":51},"end":{"line":470,"column":56}}],"line":470},"40":{"loc":{"start":{"line":473,"column":25},"end":{"line":473,"column":45}},"type":"cond-expr","locations":[{"start":{"line":473,"column":36},"end":{"line":473,"column":39}},{"start":{"line":473,"column":42},"end":{"line":473,"column":45}}],"line":473},"41":{"loc":{"start":{"line":483,"column":12},"end":{"line":485,"column":45}},"type":"cond-expr","locations":[{"start":{"line":484,"column":16},"end":{"line":484,"column":46}},{"start":{"line":485,"column":16},"end":{"line":485,"column":45}}],"line":483},"42":{"loc":{"start":{"line":491,"column":21},"end":{"line":491,"column":48}},"type":"cond-expr","locations":[{"start":{"line":491,"column":29},"end":{"line":491,"column":38}},{"start":{"line":491,"column":41},"end":{"line":491,"column":48}}],"line":491},"43":{"loc":{"start":{"line":492,"column":20},"end":{"line":492,"column":46}},"type":"cond-expr","locations":[{"start":{"line":492,"column":28},"end":{"line":492,"column":37}},{"start":{"line":492,"column":40},"end":{"line":492,"column":46}}],"line":492},"44":{"loc":{"start":{"line":498,"column":14},"end":{"line":498,"column":51}},"type":"cond-expr","locations":[{"start":{"line":498,"column":22},"end":{"line":498,"column":36}},{"start":{"line":498,"column":39},"end":{"line":498,"column":51}}],"line":498},"45":{"loc":{"start":{"line":501,"column":13},"end":{"line":501,"column":68}},"type":"cond-expr","locations":[{"start":{"line":501,"column":29},"end":{"line":501,"column":59}},{"start":{"line":501,"column":62},"end":{"line":501,"column":68}}],"line":501},"46":{"loc":{"start":{"line":511,"column":21},"end":{"line":511,"column":36}},"type":"binary-expr","locations":[{"start":{"line":511,"column":21},"end":{"line":511,"column":30}},{"start":{"line":511,"column":34},"end":{"line":511,"column":36}}],"line":511},"47":{"loc":{"start":{"line":519,"column":20},"end":{"line":519,"column":42}},"type":"binary-expr","locations":[{"start":{"line":519,"column":20},"end":{"line":519,"column":28}},{"start":{"line":519,"column":32},"end":{"line":519,"column":42}}],"line":519},"48":{"loc":{"start":{"line":521,"column":12},"end":{"line":523,"column":45}},"type":"cond-expr","locations":[{"start":{"line":522,"column":16},"end":{"line":522,"column":46}},{"start":{"line":523,"column":16},"end":{"line":523,"column":45}}],"line":521},"49":{"loc":{"start":{"line":526,"column":11},"end":{"line":535,"column":11}},"type":"cond-expr","locations":[{"start":{"line":527,"column":12},"end":{"line":527,"column":62}},{"start":{"line":529,"column":12},"end":{"line":534,"column":14}}],"line":526},"50":{"loc":{"start":{"line":526,"column":11},"end":{"line":526,"column":33}},"type":"binary-expr","locations":[{"start":{"line":526,"column":11},"end":{"line":526,"column":19}},{"start":{"line":526,"column":23},"end":{"line":526,"column":33}}],"line":526},"51":{"loc":{"start":{"line":531,"column":21},"end":{"line":531,"column":65}},"type":"cond-expr","locations":[{"start":{"line":531,"column":46},"end":{"line":531,"column":55}},{"start":{"line":531,"column":58},"end":{"line":531,"column":65}}],"line":531},"52":{"loc":{"start":{"line":532,"column":20},"end":{"line":532,"column":63}},"type":"cond-expr","locations":[{"start":{"line":532,"column":45},"end":{"line":532,"column":54}},{"start":{"line":532,"column":57},"end":{"line":532,"column":63}}],"line":532},"53":{"loc":{"start":{"line":538,"column":14},"end":{"line":538,"column":68}},"type":"cond-expr","locations":[{"start":{"line":538,"column":39},"end":{"line":538,"column":53}},{"start":{"line":538,"column":
[...]
,"/Applications/XAMPP/xamppfiles/htdocs/myuzeTV-App/components/StarRating.tsx": {"path":"/Applications/XAMPP/xamppfiles/htdocs/myuzeTV-App/components/StarRating.tsx","statementMap":{"0":{"start":{"line":4,"column":22},"end":{"line":4,"column":31}},"1":{"start":{"line":5,"column":20},"end":{"line":5,"column":29}},"2":{"start":{"line":6,"column":20},"end":{"line":6,"column":21}},"3":{"start":{"line":15,"column":18},"end":{"line":15,"column":60}},"4":{"start":{"line":17,"column":2},"end":{"line":21,"column":5}},"5":{"start":{"line":18,"column":4},"end":{"line":18,"column":49}},"6":{"start":{"line":18,"column":26},"end":{"line":18,"column":49}},"7":{"start":{"line":19,"column":4},"end":{"line":19,"column":51}},"8":{"start":{"line":19,"column":28},"end":{"line":19,"column":51}},"9":{"start":{"line":20,"column":4},"end":{"line":20,"column":28}},"10":{"start":{"line":25,"column":2},"end":{"line":25,"column":73}},"11":{"start":{"line":29,"column":2},"end":{"line":29,"column":50}},"12":{"start":{"line":33,"column":2},"end":{"line":44,"column":4}},"13":{"start":{"line":48,"column":16},"end":{"line":48,"column":37}},"14":{"start":{"line":49,"column":24},"end":{"line":49,"column":52}},"15":{"start":{"line":51,"column":2},"end":{"line":72,"column":4}},"16":{"start":{"line":55,"column":22},"end":{"line":55,"column":37}},"17":{"start":{"line":56,"column":10},"end":{"line":56,"column":76}},"18":{"start":{"line":56,"column":32},"end":{"line":56,"column":76}},"19":{"start":{"line":57,"column":10},"end":{"line":57,"column":74}},"20":{"start":{"line":57,"column":32},"end":{"line":57,"column":74}},"21":{"start":{"line":58,"column":10},"end":{"line":58,"column":53}}},"fnMap":{"0":{"name":"getStarStates","decl":{"start":{"line":14,"column":9},"end":{"line":14,"column":22}},"loc":{"start":{"line":14,"column":79},"end":{"line":22,"column":1}},"line":14},"1":{"name":"(anonymous_1)","decl":{"start":{"line":17,"column":45},"end":{"line":17,"column":46}},"loc":{"start":{"line":17,"column":55},"end":{"line":21,"column":3}},"line":17},"2":{"name":"FilledStar","decl":{"start":{"line":24,"column":9},"end":{"line":24,"column":19}},"loc":{"start":{"line":24,"column":48},"end":{"line":26,"column":1}},"line":24},"3":{"name":"EmptyStar","decl":{"start":{"line":28,"column":9},"end":{"line":28,"column":18}},"loc":{"start":{"line":28,"column":47},"end":{"line":30,"column":1}},"line":28},"4":{"name":"HalfStar","decl":{"start":{"line":32,"column":9},"end":{"line":32,"column":17}},"loc":{"start":{"line":32,"column":46},"end":{"line":45,"column":1}},"line":32},"5":{"name":"StarRating","decl":{"start":{"line":47,"column":16},"end":{"line":47,"column":26}},"loc":{"start":{"line":47,"column":80},"end":{"line":73,"column":1}},"line":47},"6":{"name":"(anonymous_6)","decl":{"start":{"line":54,"column":19},"end":{"line":54,"column":20}},"loc":{"start":{"line":54,"column":37},"end":{"line":59,"column":9}},"line":54}},"branchMap":{"0":{"loc":{"start":{"line":18,"column":4},"end":{"line":18,"column":49}},"type":"if","locations":[{"start":{"line":18,"column":4},"end":{"line":18,"column":49}},{"start":{},"end":{}}],"line":18},"1":{"loc":{"start":{"line":19,"column":4},"end":{"line":19,"column":51}},"type":"if","locations":[{"start":{"line":19,"column":4},"end":{"line":19,"column":51}},{"start":{},"end":{}}],"line":19},"2":{"loc":{"start":{"line":47,"column":50},"end":{"line":47,"column":59}},"type":"default-arg","locations":[{"start":{"line":47,"column":57},"end":{"line":47,"column":59}}],"line":47},"3":{"loc":{"start":{"line":56,"column":10},"end":{"line":56,"column":76}},"type":"if","locations":[{"start":{"line":56,"column":10},"end":{"line":56,"column":76}},{"start":{},"end":{}}],"line":56},"4":{"loc":{"start":{"line":57,"column":10},"end":{"line":57,"column":74}},"type":"if","locations":[{"start":{"line":57,"column":10},"end":{"line":57,"column":74}},{"start":{},"end":{}}],"line":57},"5":{"loc":{"start":{"line":66,"column":7},"end":{"line":70,"column":7}},"type":"binary-expr","locations":[{"start":{"line":66,"column":7},"end":{"line":66,"column":26}},{"start":{"line":67,"column":8},"end":{"line":69,"column":15}}],"line":66}},"s":{"0":1,"1":1,"2":1,"3":5,"4":5,"5":25,"6":16,"7":9,"8":1,"9":8,"10":17,"11":9,"12":1,"13":5,"14":5,"15":5,"16":25,"17":25,"18":16,"19":9,"20":1,"21":8},"f":{"0":5,"1":25,"2":17,"3":9,"4":1,"5":5,"6":25},"b":{"0":[16,9],"1":[1,8],"2":[5],"3":[16,9],"4":[1,8],"5":[5,1]},"_coverageSchema":"1a1c01bbd47fc00a2c39e90264f33305004495a9","hash":"a8e7902037e941fef21d173a708552b2270e99a3"}
,"/Applications/XAMPP/xamppfiles/htdocs/myuzeTV-App/components/WatchlistCard.tsx": {"path":"/Applications/XAMPP/xamppfiles/htdocs/myuzeTV-App/components/WatchlistCard.tsx","statementMap":{"0":{"start":{"line":15,"column":2},"end":{"line":60,"column":4}},"1":{"start":{"line":38,"column":16},"end":{"line":38,"column":36}},"2":{"start":{"line":39,"column":16},"end":{"line":39,"column":27}}},"fnMap":{"0":{"name":"WatchlistCard","decl":{"start":{"line":14,"column":16},"end":{"line":14,"column":29}},"loc":{"start":{"line":14,"column":92},"end":{"line":61,"column":1}},"line":14},"1":{"name":"(anonymous_1)","decl":{"start":{"line":37,"column":23},"end":{"line":37,"column":24}},"loc":{"start":{"line":37,"column":30},"end":{"line":40,"column":15}},"line":37}},"branchMap":{"0":{"loc":{"start":{"line":16,"column":35},"end":{"line":16,"column":76}},"type":"cond-expr","locations":[{"start":{"line":16,"column":48},"end":{"line":16,"column":60}},{"start":{"line":16,"column":63},"end":{"line":16,"column":76}}],"line":16},"1":{"loc":{"start":{"line":28,"column":11},"end":{"line":32,"column":11}},"type":"binary-expr","locations":[{"start":{"line":28,"column":11},"end":{"line":28,"column":37}},{"start":{"line":29,"column":12},"end":{"line":31,"column":19}}],"line":28}},"s":{"0":9,"1":1,"2":1},"f":{"0":9,"1":1},"b":{"0":[1,8],"1":[9,1]},"_coverageSchema":"1a1c01bbd47fc00a2c39e90264f33305004495a9","hash":"bbe35b56bd77d798afa3de73ee2a67b6b73a7b43"}
,"/Applications/XAMPP/xamppfiles/htdocs/myuzeTV-App/hooks/usePlaybackRequest.ts": {"path":"/Applications/XAMPP/xamppfiles/htdocs/myuzeTV-App/hooks/usePlaybackRequest.ts","statementMap":{"0":{"start":{"line":12,"column":17},"end":{"line":12,"column":28}},"1":{"start":{"line":13,"column":34},"end":{"line":13,"column":43}},"2":{"start":{"line":15,"column":2},"end":{"line":40,"column":4}},"3":{"start":{"line":20,"column":22},"end":{"line":20,"column":54}},"4":{"start":{"line":21,"column":21},"end":{"line":21,"column":42}},"5":{"start":{"line":22,"column":25},"end":{"line":22,"column":78}},"6":{"start":{"line":25,"column":4},"end":{"line":32,"column":5}},"7":{"start":{"line":26,"column":6},"end":{"line":30,"column":7}},"8":{"start":{"line":27,"column":8},"end":{"line":27,"column":82}},"9":{"start":{"line":29,"column":8},"end":{"line":29,"column":41}},"10":{"start":{"line":31,"column":6},"end":{"line":31,"column":13}},"11":{"start":{"line":34,"column":4},"end":{"line":37,"column":5}},"12":{"start":{"line":35,"column":6},"end":{"line":35,"column":76}},"13":{"start":{"line":36,"column":6},"end":{"line":36,"column":13}},"14":{"start":{"line":39,"column":4},"end":{"line":39,"column":33}}},"fnMap":{"0":{"name":"usePlaybackRequest","decl":{"start":{"line":11,"column":16},"end":{"line":11,"column":34}},"loc":{"start":{"line":11,"column":37},"end":{"line":41,"column":1}},"line":11},"1":{"name":"requestPlayback","decl":{"start":{"line":15,"column":18},"end":{"line":15,"column":33}},"loc":{"start":{"line":19,"column":4},"end":{"line":40,"column":3}},"line":19}},"branchMap":{"0":{"loc":{"start":{"line":25,"column":4},"end":{"line":32,"column":5}},"type":"if","locations":[{"start":{"line":25,"column":4},"end":{"line":32,"column":5}},{"start":{},"end":{}}],"line":25},"1":{"loc":{"start":{"line":25,"column":8},"end":{"line":25,"column":33}},"type":"binary-expr","locations":[{"start":{"line":25,"column":8},"end":{"line":25,"column":16}},{"start":{"line":25,"column":20},"end":{"line":25,"column":33}}],"line":25},"2":{"loc":{"start":{"line":26,"column":6},"end":{"line":30,"column":7}},"type":"if","locations":[{"start":{"line":26,"column":6},"end":{"line":30,"column":7}},{"start":{"line":28,"column":13},"end":{"line":30,"column":7}}],"line":26},"3":{"loc":{"start":{"line":34,"column":4},"end":{"line":37,"column":5}},"type":"if","locations":[{"start":{"line":34,"column":4},"end":{"line":37,"column":5}},{"start":{},"end":{}}],"line":34}},"s":{"0":7,"1":7,"2":7,"3":7,"4":7,"5":7,"6":7,"7":2,"8":1,"9":1,"10":2,"11":5,"12":1,"13":1,"14":4},"f":{"0":7,"1":7},"b":{"0":[2,5],"1":[7,3],"2":[1,1],"3":[1,4]},"_coverageSchema":"1a1c01bbd47fc00a2c39e90264f33305004495a9","hash":"b079b5031a6cf95766d4adfc258ed0a29e6bfd11"}
,"/Applications/XAMPP/xamppfiles/htdocs/myuzeTV-App/lib/auth-invalid.js": {"path":"/Applications/XAMPP/xamppfiles/htdocs/myuzeTV-App/lib/auth-invalid.js","statementMap":{"0":{"start":{"line":5,"column":24},"end":{"line":5,"column":28}},"1":{"start":{"line":8,"column":2},"end":{"line":8,"column":31}},"2":{"start":{"line":9,"column":2},"end":{"line":11,"column":4}},"3":{"start":{"line":10,"column":4},"end":{"line":10,"column":29}},"4":{"start":{"line":15,"column":2},"end":{"line":17,"column":3}},"5":{"start":{"line":16,"column":4},"end":{"line":16,"column":24}}},"fnMap":{"0":{"name":"onAuthInvalid","decl":{"start":{"line":7,"column":16},"end":{"line":7,"column":29}},"loc":{"start":{"line":7,"column":40},"end":{"line":12,"column":1}},"line":7},"1":{"name":"(anonymous_1)","decl":{"start":{"line":9,"column":9},"end":{"line":9,"column":10}},"loc":{"start":{"line":9,"column":15},"end":{"line":11,"column":3}},"line":9},"2":{"name":"triggerAuthInvalid","decl":{"start":{"line":14,"column":16},"end":{"line":14,"column":34}},"loc":{"start":{"line":14,"column":37},"end":{"line":18,"column":1}},"line":14}},"branchMap":{"0":{"loc":{"start":{"line":15,"column":2},"end":{"line":17,"column":3}},"type":"if","locations":[{"start":{"line":15,"column":2},"end":{"line":17,"column":3}},{"start":{},"end":{}}],"line":15}},"s":{"0":8,"1":8,"2":8,"3":2,"4":10,"5":7},"f":{"0":8,"1":2,"2":10},"b":{"0":[7,3]},"_coverageSchema":"1a1c01bbd47fc00a2c39e90264f33305004495a9","hash":"f524fcc84538b9df8e7fbda25a851beb50fe13d6"}
,"/Applications/XAMPP/xamppfiles/htdocs/myuzeTV-App/lib/auth-storage.js": {"path":"/Applications/XAMPP/xamppfiles/htdocs/myuzeTV-App/lib/auth-storage.js","statementMap":{"0":{"start":{"line":3,"column":23},"end":{"line":3,"column":40}},"1":{"start":{"line":11,"column":2},"end":{"line":13,"column":3}},"2":{"start":{"line":12,"column":4},"end":{"line":12,"column":39}},"3":{"start":{"line":15,"column":4},"end":{"line":15,"column":73}},"4":{"start":{"line":16,"column":2},"end":{"line":16,"column":32}},"5":{"start":{"line":16,"column":16},"end":{"line":16,"column":32}},"6":{"start":{"line":17,"column":2},"end":{"line":17,"column":14}},"7":{"start":{"line":25,"column":2},"end":{"line":30,"column":3}},"8":{"start":{"line":26,"column":25},"end":{"line":26,"column":85}},"9":{"start":{"line":27,"column":16},"end":{"line":27,"column":58}},"10":{"start":{"line":28,"column":4},"end":{"line":28,"column":95}},"11":{"start":{"line":29,"column":4},"end":{"line":29,"column":15}},"12":{"start":{"line":32,"column":2},"end":{"line":37,"column":3}},"13":{"start":{"line":33,"column":29},"end":{"line":33,"column":62}},"14":{"start":{"line":34,"column":4},"end":{"line":34,"column":40}},"15":{"start":{"line":36,"column":4},"end":{"line":36,"column":16}},"16":{"start":{"line":44,"column":2},"end":{"line":44,"column":97}},"17":{"start":{"line":45,"column":2},"end":{"line":53,"column":3}},"18":{"start":{"line":46,"column":25},"end":{"line":46,"column":85}},"19":{"start":{"line":47,"column":4},"end":{"line":51,"column":5}},"20":{"start":{"line":48,"column":6},"end":{"line":48,"column":56}},"21":{"start":{"line":50,"column":6},"end":{"line":50,"column":52}},"22":{"start":{"line":52,"column":4},"end":{"line":52,"column":11}},"23":{"start":{"line":55,"column":2},"end":{"line":64,"column":3}},"24":{"start":{"line":56,"column":46},"end":{"line":56,"column":79}},"25":{"start":{"line":57,"column":4},"end":{"line":61,"column":5}},"26":{"start":{"line":58,"column":6},"end":{"line":58,"column":48}},"27":{"start":{"line":60,"column":6},"end":{"line":60,"column":44}},"28":{"start":{"line":75,"column":17},"end":{"line":75,"column":28}},"29":{"start":{"line":76,"column":2},"end":{"line":76,"column":28}},"30":{"start":{"line":76,"column":14},"end":{"line":76,"column":28}},"31":{"start":{"line":78,"column":20},"end":{"line":78,"column":40}},"32":{"start":{"line":79,"column":2},"end":{"line":79,"column":19}},"33":{"start":{"line":86,"column":2},"end":{"line":86,"column":29}}},"fnMap":{"0":{"name":"getApiKey","decl":{"start":{"line":10,"column":16},"end":{"line":10,"column":25}},"loc":{"start":{"line":10,"column":28},"end":{"line":18,"column":1}},"line":10},"1":{"name":"getUserToken","decl":{"start":{"line":24,"column":22},"end":{"line":24,"column":34}},"loc":{"start":{"line":24,"column":37},"end":{"line":38,"column":1}},"line":24},"2":{"name":"setUserToken","decl":{"start":{"line":43,"column":22},"end":{"line":43,"column":34}},"loc":{"start":{"line":43,"column":42},"end":{"line":65,"column":1}},"line":43},"3":{"name":"getAuthToken","decl":{"start":{"line":73,"column":22},"end":{"line":73,"column":34}},"loc":{"start":{"line":73,"column":37},"end":{"line":80,"column":1}},"line":73},"4":{"name":"setAuthToken","decl":{"start":{"line":85,"column":22},"end":{"line":85,"column":34}},"loc":{"start":{"line":85,"column":42},"end":{"line":87,"column":1}},"line":85}},"branchMap":{"0":{"loc":{"start":{"line":11,"column":2},"end":{"line":13,"column":3}},"type":"if","locations":[{"start":{"line":11,"column":2},"end":{"line":13,"column":3}},{"start":{},"end":{}}],"line":11},"1":{"loc":{"start":{"line":11,"column":6},"end":{"line":11,"column":66}},"type":"binary-expr","locations":[{"start":{"line":11,"column":6},"end":{"line":11,"column":35}},{"start":{"line":11,"column":39},"end":{"line":11,"column":66}}],"line":11},"2":{"loc":{"start":{"line":15,"column":4},"end":{"line":15,"column":73}},"type":"binary-expr","locations":[{"start":{"line":15,"column":4},"end":{"line":15,"column":34}},{"start":{"line":15,"column":38},"end":{"line":15,"column":73}}],"line":15},"3":{"loc":{"start":{"line":16,"column":2},"end":{"line":16,"column":32}},"type":"if","locations":[{"start":{"line":16,"column":2},"end":{"line":16,"column":32}},{"start":{},"end":{}}],"line":16},"4":{"loc":{"start":{"line":25,"column":2},"end":{"line":30,"column":3}},"type":"if","locations":[{"start":{"line":25,"column":2},"end":{"line":30,"column":3}},{"start":{},"end":{}}],"line":25},"5":{"loc":{"start":{"line":28,"column":48},"end":{"line":28,"column":93}},"type":"cond-expr","locations":[{"start":{"line":28,"column":54},"end":{"line":28,"column":84}},{"start":{"line":28,"column":87},"end":{"line":28,"column":93}}],"line":28},"6":{"loc":{"start":{"line":44,"column":46},"end":{"line":44,"column":95}},"type":"cond-expr","locations":[{"start":{"line":44,"column":54},"end":{"line":44,"column":86}},{"start":{"line":44,"column":89},"end":{"line":44,"column":95}}],"line":44},"7":{"loc":{"start":{"line":45,"column":2},"end":{"line":53,"column":3}},"type":"if","locations":[{"start":{"line":45,"column":2},"end":{"line":53,"column":3}},{"start":{},"end":{}}],"line":45},"8":{"loc":{"start":{"line":47,"column":4},"end":{"line":51,"column":5}},"type":"if","locations":[{"start":{"line":47,"column":4},"end":{"line":51,"column":5}},{"start":{"line":49,"column":11},"end":{"line":51,"column":5}}],"line":47},"9":{"loc":{"start":{"line":57,"column":4},"end":{"line":61,"column":5}},"type":"if","locations":[{"start":{"line":57,"column":4},"end":{"line":61,"column":5}},{"start":{"line":59,"column":11},"end":{"line":61,"column":5}}],"line":57},"10":{"loc":{"start":{"line":76,"column":2},"end":{"line":76,"column":28}},"type":"if","locations":[{"start":{"line":76,"column":2},"end":{"line":76,"column":28}},{"start":{},"end":{}}],"line":76}},"s":{"0":1,"1":8,"2":3,"3":5,"4":5,"5":1,"6":4,"7":4,"8":4,"9":4,"10":4,"11":4,"12":0,"13":0,"14":0,"15":0,"16":4,"17":4,"18":4,"19":4,"20":2,"21":2,"22":4,"23":0,"24":0,"25":0,"26":0,"27":0,"28":3,"29":3,"30":1,"31":2,"32":2,"33":0},"f":{"0":8,"1":4,"2":4,"3":3,"4":0},"b":{"0":[3,5],"1":[8,8],"2":[5,5],"3":[1,4],"4":[4,0],"5":[2,2],"6":[2,2],"7":[4,0],"8":[2,2],"9":[0,0],"10":[1,2]},"_coverageSchema":"1a1c01bbd47fc00a2c39e90264f33305004495a9","hash":"cf0f622a148140e7dced0f3b127beca6f405d86c"}
,"/Applications/XAMPP/xamppfiles/htdocs/myuzeTV-App/lib/date-utils.ts": {"path":"/Applications/XAMPP/xamppfiles/htdocs/myuzeTV-App/lib/date-utils.ts","statementMap":{"0":{"start":{"line":8,"column":2},"end":{"line":8,"column":29}},"1":{"start":{"line":8,"column":16},"end":{"line":8,"column":29}},"2":{"start":{"line":10,"column":2},"end":{"line":20,"column":3}},"3":{"start":{"line":11,"column":25},"end":{"line":11,"column":42}},"4":{"start":{"line":12,"column":16},"end":{"line":12,"column":26}},"5":{"start":{"line":13,"column":21},"end":{"line":13,"column":59}},"6":{"start":{"line":14,"column":23},"end":{"line":14,"column":55}},"7":{"start":{"line":16,"column":4},"end":{"line":16,"column":49}},"8":{"start":{"line":18,"column":4},"end":{"line":18,"column":60}},"9":{"start":{"line":19,"column":4},"end":{"line":19,"column":17}}},"fnMap":{"0":{"name":"isRecent","decl":{"start":{"line":7,"column":16},"end":{"line":7,"column":24}},"loc":{"start":{"line":7,"column":70},"end":{"line":21,"column":1}},"line":7}},"branchMap":{"0":{"loc":{"start":{"line":7,"column":43},"end":{"line":7,"column":59}},"type":"default-arg","locations":[{"start":{"line":7,"column":58},"end":{"line":7,"column":59}}],"line":7},"1":{"loc":{"start":{"line":8,"column":2},"end":{"line":8,"column":29}},"type":"if","locations":[{"start":{"line":8,"column":2},"end":{"line":8,"column":29}},{"start":{},"end":{}}],"line":8},"2":{"loc":{"start":{"line":16,"column":11},"end":{"line":16,"column":48}},"type":"binary-expr","locations":[{"start":{"line":16,"column":11},"end":{"line":16,"column":26}},{"start":{"line":16,"column":30},"end":{"line":16,"column":48}}],"line":16}},"s":{"0":10,"1":2,"2":8,"3":8,"4":8,"5":8,"6":8,"7":8,"8":0,"9":0},"f":{"0":10},"b":{"0":[8],"1":[2,8],"2":[8,6]},"_coverageSchema":"1a1c01bbd47fc00a2c39e90264f33305004495a9","hash":"3688a02f07d014a346358e19e4b0aea5562215af"}
}
