TN:
SF:api/account.js
FN:15,fetchMe
FN:26,deleteAccount
FNF:2
FNH:1
FNDA:0,fetchMe
FNDA:2,deleteAccount
DA:16,0
DA:17,0
DA:27,2
DA:28,1
LF:4
LH:2
BRF:0
BRH:0
end_of_record
TN:
SF:api/dramas.js
FN:12,resolveImageUrl
FN:28,placeholderFor
FN:36,mapDramaItem
FN:68,fetchDramas
FN:86,saveProgress
FN:92,(anonymous_5)
FN:101,fetchContinueWatching
FN:117,likeDrama
FN:133,deriveEpisodeStatus
FN:143,formatDuration
FN:156,extractYear
FN:168,formatCompact
FN:181,fetchDramaDetail
FN:204,(anonymous_13)
FN:211,(anonymous_14)
FN:212,(anonymous_15)
FNF:16
FNH:16
FNDA:63,resolveImageUrl
FNDA:12,placeholderFor
FNDA:15,mapDramaItem
FNDA:11,fetchDramas
FNDA:4,saveProgress
FNDA:1,(anonymous_5)
FNDA:3,fetchContinueWatching
FNDA:2,likeDrama
FNDA:24,deriveEpisodeStatus
FNDA:16,formatDuration
FNDA:12,extractYear
FNDA:36,formatCompact
FNDA:12,fetchDramaDetail
FNDA:19,(anonymous_13)
FNDA:16,(anonymous_14)
FNDA:24,(anonymous_15)
DA:4,1
DA:6,1
DA:8,1
DA:13,63
DA:14,15
DA:15,15
DA:16,15
DA:17,13
DA:19,2
DA:20,1
DA:22,1
DA:23,1
DA:25,0
DA:29,12
DA:30,12
DA:37,15
DA:39,15
DA:50,15
DA:51,15
DA:69,11
DA:70,11
DA:71,11
DA:87,4
DA:93,1
DA:102,3
DA:103,3
DA:104,3
DA:118,2
DA:119,1
DA:134,24
DA:144,16
DA:145,16
DA:146,16
DA:147,16
DA:157,12
DA:158,10
DA:159,10
DA:169,36
DA:170,30
DA:171,29
DA:172,10
DA:182,12
DA:183,12
DA:185,12
DA:187,12
DA:198,12
DA:200,12
DA:201,12
DA:204,19
DA:207,12
DA:208,12
DA:210,12
DA:211,16
DA:213,24
DA:215,24
DA:216,24
DA:218,24
DA:234,12
LF:58
LH:57
BRDA:4,0,0,1
BRDA:4,0,1,1
BRDA:4,0,2,1
BRDA:8,1,0,1
BRDA:8,1,1,1
BRDA:8,1,2,1
BRDA:8,1,3,0
BRDA:13,2,0,48
BRDA:13,2,1,15
BRDA:13,3,0,63
BRDA:13,3,1,15
BRDA:15,4,0,0
BRDA:15,4,1,15
BRDA:16,5,0,13
BRDA:16,5,1,2
BRDA:16,6,0,15
BRDA:16,6,1,15
BRDA:19,7,0,1
BRDA:19,7,1,1
BRDA:22,8,0,1
BRDA:22,8,1,0
BRDA:29,9,0,12
BRDA:29,9,1,1
BRDA:37,10,0,15
BRDA:37,10,1,1
BRDA:37,10,2,0
BRDA:39,11,0,15
BRDA:39,11,1,11
BRDA:39,11,2,10
BRDA:39,11,3,10
BRDA:39,11,4,10
BRDA:39,11,5,10
BRDA:39,11,6,10
BRDA:39,11,7,10
BRDA:39,11,8,10
BRDA:39,11,9,10
BRDA:39,11,10,10
BRDA:52,12,0,15
BRDA:52,12,1,13
BRDA:52,12,2,2
BRDA:52,12,3,1
BRDA:54,13,0,15
BRDA:54,13,1,10
BRDA:55,14,0,15
BRDA:55,14,1,12
BRDA:55,14,2,11
BRDA:59,15,0,15
BRDA:59,15,1,14
BRDA:60,16,0,15
BRDA:60,16,1,14
BRDA:70,17,0,7
BRDA:70,17,1,4
BRDA:70,18,0,4
BRDA:70,18,1,3
BRDA:70,18,2,2
BRDA:93,19,0,1
BRDA:93,19,1,0
BRDA:103,20,0,1
BRDA:103,20,1,2
BRDA:103,21,0,2
BRDA:103,21,1,1
BRDA:134,22,0,17
BRDA:134,22,1,7
BRDA:144,23,0,0
BRDA:144,23,1,16
BRDA:144,24,0,16
BRDA:144,24,1,0
BRDA:157,25,0,2
BRDA:157,25,1,10
BRDA:159,26,0,10
BRDA:159,26,1,0
BRDA:169,27,0,6
BRDA:169,27,1,30
BRDA:170,28,0,1
BRDA:170,28,1,29
BRDA:171,29,0,19
BRDA:171,29,1,10
BRDA:183,30,0,12
BRDA:183,30,1,1
BRDA:185,31,0,12
BRDA:185,31,1,1
BRDA:185,31,2,1
BRDA:187,32,0,12
BRDA:187,32,1,2
BRDA:187,32,2,2
BRDA:187,32,3,2
BRDA:187,32,4,2
BRDA:187,32,5,2
BRDA:187,32,6,2
BRDA:187,32,7,2
BRDA:187,32,8,2
BRDA:187,32,9,2
BRDA:187,32,10,2
BRDA:198,33,0,12
BRDA:198,33,1,2
BRDA:200,34,0,12
BRDA:200,34,1,1
BRDA:200,34,2,1
BRDA:201,35,0,1
BRDA:201,35,1,11
BRDA:203,36,0,10
BRDA:203,36,1,1
BRDA:207,37,0,12
BRDA:207,37,1,2
BRDA:208,38,0,11
BRDA:208,38,1,1
BRDA:211,39,0,16
BRDA:211,39,1,0
BRDA:211,40,0,16
BRDA:211,40,1,0
BRDA:213,41,0,24
BRDA:213,41,1,0
BRDA:213,42,0,0
BRDA:213,42,1,0
BRDA:215,43,0,24
BRDA:215,43,1,24
BRDA:215,43,2,24
BRDA:215,43,3,24
BRDA:216,44,0,24
BRDA:216,44,1,24
BRDA:219,45,0,24
BRDA:219,45,1,2
BRDA:219,45,2,1
BRDA:220,46,0,24
BRDA:220,46,1,0
BRDA:223,47,0,17
BRDA:223,47,1,7
BRDA:224,48,0,16
BRDA:224,48,1,1
BRDA:229,49,0,24
BRDA:229,49,1,24
BRDA:235,50,0,12
BRDA:235,50,1,1
BRDA:235,50,2,1
BRDA:239,51,0,12
BRDA:239,51,1,2
BRDA:241,52,0,12
BRDA:241,52,1,2
BRDA:242,53,0,12
BRDA:242,53,1,2
BRDA:243,54,0,12
BRDA:243,54,1,2
BRDA:246,55,0,12
BRDA:246,55,1,2
BRDA:246,55,2,2
BRDA:247,56,0,12
BRDA:247,56,1,12
BRDA:248,57,0,0
BRDA:248,57,1,12
BRDA:249,58,0,0
BRDA:249,58,1,0
BRF:151
BRH:134
end_of_record
TN:
SF:api/episodes.js
FN:8,fetchEpisodeStream
FNF:1
FNH:1
FNDA:11,fetchEpisodeStream
DA:9,11
DA:10,10
DA:11,9
LF:3
LH:3
BRDA:10,0,0,1
BRDA:10,0,1,9
BRDA:11,1,0,9
BRDA:11,1,1,6
BRDA:11,1,2,5
BRDA:11,1,3,4
BRDA:11,1,4,3
BRF:7
BRH:7
end_of_record
TN:
SF:api/rails.js
FN:12,resolveImageUrl
FN:28,placeholderFor
FN:33,fetchRails
FN:38,(anonymous_3)
FN:39,(anonymous_4)
FN:40,(anonymous_5)
FN:41,(anonymous_6)
FN:80,(anonymous_7)
FNF:8
FNH:8
FNDA:15,resolveImageUrl
FNDA:12,placeholderFor
FNDA:14,fetchRails
FNDA:17,(anonymous_3)
FNDA:15,(anonymous_4)
FNDA:14,(anonymous_5)
FNDA:15,(anonymous_6)
FNDA:5,(anonymous_7)
DA:4,1
DA:6,1
DA:8,1
DA:13,15
DA:14,3
DA:15,3
DA:16,3
DA:17,3
DA:19,0
DA:20,0
DA:22,0
DA:23,0
DA:25,0
DA:29,12
DA:30,12
DA:34,14
DA:35,13
DA:37,13
DA:38,17
DA:39,15
DA:41,14
DA:42,15
DA:44,15
DA:55,15
DA:56,15
DA:69,14
DA:80,13
DA:81,13
LF:28
LH:23
BRDA:4,0,0,1
BRDA:4,0,1,1
BRDA:4,0,2,1
BRDA:8,1,0,1
BRDA:8,1,1,1
BRDA:8,1,2,1
BRDA:8,1,3,0
BRDA:13,2,0,12
BRDA:13,2,1,3
BRDA:13,3,0,15
BRDA:13,3,1,3
BRDA:15,4,0,0
BRDA:15,4,1,3
BRDA:16,5,0,3
BRDA:16,5,1,0
BRDA:16,6,0,3
BRDA:16,6,1,3
BRDA:19,7,0,0
BRDA:19,7,1,0
BRDA:22,8,0,0
BRDA:22,8,1,0
BRDA:29,9,0,12
BRDA:29,9,1,0
BRDA:35,10,0,11
BRDA:35,10,1,2
BRDA:35,11,0,2
BRDA:35,11,1,1
BRDA:38,12,0,17
BRDA:38,12,1,16
BRDA:42,13,0,15
BRDA:42,13,1,1
BRDA:42,13,2,0
BRDA:44,14,0,15
BRDA:44,14,1,14
BRDA:44,14,2,13
BRDA:44,14,3,13
BRDA:44,14,4,13
BRDA:44,14,5,13
BRDA:44,14,6,13
BRDA:44,14,7,13
BRDA:44,14,8,13
BRDA:44,14,9,13
BRDA:44,14,10,12
BRDA:57,15,0,15
BRDA:57,15,1,13
BRDA:57,15,2,1
BRDA:57,15,3,0
BRDA:59,16,0,15
BRDA:59,16,1,12
BRDA:60,17,0,15
BRDA:60,17,1,14
BRDA:60,17,2,13
BRDA:61,18,0,15
BRDA:61,18,1,14
BRDA:64,19,0,15
BRDA:64,19,1,14
BRDA:65,20,0,15
BRDA:65,20,1,14
BRDA:71,21,0,14
BRDA:71,21,1,1
BRDA:71,21,2,0
BRDA:74,22,0,14
BRDA:74,22,1,9
BRDA:80,23,0,5
BRDA:80,23,1,0
BRDA:80,24,0,5
BRDA:80,24,1,1
BRF:67
BRH:55
end_of_record
TN:
SF:api/subscription.js
FN:10,fetchSubscriptionPlans
FN:30,checkSubscriptionStatus
FNF:2
FNH:2
FNDA:9,fetchSubscriptionPlans
FNDA:4,checkSubscriptionStatus
DA:11,9
DA:14,8
DA:21,8
DA:31,4
DA:32,3
LF:5
LH:5
BRDA:14,0,0,3
BRDA:14,0,1,5
BRDA:16,1,0,1
BRDA:16,1,1,4
BRDA:18,2,0,1
BRDA:18,2,1,3
BRDA:32,3,0,3
BRDA:32,3,1,2
BRF:8
BRH:8
end_of_record
TN:
SF:api/watchlist.js
FN:12,resolveImageUrl
FN:28,placeholderFor
FN:36,fetchWatchlist
FN:40,(anonymous_3)
FN:74,addToWatchlist
FN:83,removeFromWatchlist
FNF:6
FNH:6
FNDA:16,resolveImageUrl
FNDA:12,placeholderFor
FNDA:11,fetchWatchlist
FNDA:16,(anonymous_3)
FNDA:3,addToWatchlist
FNDA:3,removeFromWatchlist
DA:4,1
DA:6,1
DA:8,1
DA:13,16
DA:14,4
DA:15,4
DA:16,4
DA:17,4
DA:19,0
DA:20,0
DA:22,0
DA:23,0
DA:25,0
DA:29,12
DA:30,12
DA:37,11
DA:38,10
DA:40,10
DA:41,16
DA:43,16
DA:54,16
DA:56,16
DA:75,3
DA:76,2
DA:84,3
DA:85,2
LF:26
LH:21
BRDA:4,0,0,1
BRDA:4,0,1,1
BRDA:4,0,2,1
BRDA:8,1,0,1
BRDA:8,1,1,1
BRDA:8,1,2,1
BRDA:8,1,3,0
BRDA:13,2,0,12
BRDA:13,2,1,4
BRDA:13,3,0,16
BRDA:13,3,1,4
BRDA:15,4,0,0
BRDA:15,4,1,4
BRDA:16,5,0,4
BRDA:16,5,1,0
BRDA:16,6,0,4
BRDA:16,6,1,4
BRDA:19,7,0,0
BRDA:19,7,1,0
BRDA:22,8,0,0
BRDA:22,8,1,0
BRDA:29,9,0,12
BRDA:29,9,1,0
BRDA:38,10,0,8
BRDA:38,10,1,2
BRDA:38,11,0,2
BRDA:38,11,1,1
BRDA:41,12,0,16
BRDA:41,12,1,1
BRDA:41,12,2,0
BRDA:43,13,0,16
BRDA:43,13,1,15
BRDA:43,13,2,14
BRDA:43,13,3,14
BRDA:43,13,4,14
BRDA:43,13,5,13
BRDA:43,13,6,13
BRDA:43,13,7,13
BRDA:43,13,8,13
BRDA:43,13,9,13
BRDA:43,13,10,12
BRDA:57,14,0,16
BRDA:57,14,1,14
BRDA:57,14,2,1
BRDA:57,14,3,0
BRDA:59,15,0,16
BRDA:59,15,1,12
BRDA:60,16,0,16
BRDA:60,16,1,13
BRDA:60,16,2,12
BRDA:61,17,0,16
BRDA:61,17,1,14
BRDA:64,18,0,16
BRDA:64,18,1,15
BRDA:65,19,0,16
BRDA:65,19,1,15
BRF:56
BRH:46
end_of_record
TN:
SF:components/BottomNav.tsx
FN:17,BottomNav
FN:23,(anonymous_1)
FN:29,(anonymous_2)
FNF:3
FNH:3
FNDA:8,BottomNav
FNDA:24,(anonymous_1)
FNDA:3,(anonymous_2)
DA:5,1
DA:18,8
DA:20,8
DA:24,24
DA:25,24
DA:29,3
LF:6
LH:6
BRDA:35,0,0,8
BRDA:35,0,1,16
BRDA:36,1,0,8
BRDA:36,1,1,16
BRDA:40,2,0,8
BRDA:40,2,1,16
BRDA:46,3,0,24
BRDA:46,3,1,8
BRF:8
BRH:8
end_of_record
TN:
SF:components/DramaDetailScreen.tsx
FN:11,parseCompactNumber
FN:22,formatCompactNumber
FN:71,computeHeroHeight
FN:78,parseGenres
FN:83,(anonymous_4)
FN:90,getCTAText
FN:94,(anonymous_6)
FN:112,(anonymous_7)
FN:123,getCTATarget
FN:129,(anonymous_9)
FN:155,DetailSkeleton
FN:209,(anonymous_11)
FN:234,EpisodeCard
FN:319,GenreChips
FN:325,(anonymous_14)
FN:343,DramaDetailScreen
FN:362,(anonymous_16)
FN:383,(anonymous_17)
FN:393,(anonymous_18)
FN:405,(anonymous_19)
FN:434,(anonymous_20)
FN:467,(anonymous_21)
FN:470,(anonymous_22)
FN:506,(anonymous_23)
FN:578,(anonymous_24)
FN:602,(anonymous_25)
FN:602,(anonymous_26)
FN:621,(anonymous_27)
FN:625,(anonymous_28)
FN:642,(anonymous_29)
FN:644,(anonymous_30)
FNF:31
FNH:17
FNDA:20,parseCompactNumber
FNDA:19,formatCompactNumber
FNDA:42,computeHeroHeight
FNDA:60,parseGenres
FNDA:0,(anonymous_4)
FNDA:40,getCTAText
FNDA:116,(anonymous_6)
FNDA:40,(anonymous_7)
FNDA:40,getCTATarget
FNDA:116,(anonymous_9)
FNDA:2,DetailSkeleton
FNDA:8,(anonymous_11)
FNDA:58,EpisodeCard
FNDA:20,GenreChips
FNDA:38,(anonymous_14)
FNDA:42,DramaDetailScreen
FNDA:0,(anonymous_16)
FNDA:0,(anonymous_17)
FNDA:0,(anonymous_18)
FNDA:0,(anonymous_19)
FNDA:0,(anonymous_20)
FNDA:0,(anonymous_21)
FNDA:0,(anonymous_22)
FNDA:0,(anonymous_23)
FNDA:0,(anonymous_24)
FNDA:0,(anonymous_25)
FNDA:0,(anonymous_26)
FNDA:116,(anonymous_27)
FNDA:0,(anonymous_28)
FNDA:1,(anonymous_29)
FNDA:0,(anonymous_30)
DA:12,20
DA:13,20
DA:14,20
DA:15,20
DA:16,20
DA:17,19
DA:18,19
DA:23,19
DA:24,19
DA:25,18
DA:69,1
DA:72,42
DA:79,60
DA:80,60
DA:81,0
DA:83,0
DA:91,40
DA:94,40
DA:95,116
DA:96,0
DA:98,116
DA:101,40
DA:102,0
DA:103,0
DA:107,40
DA:108,0
DA:112,40
DA:113,40
DA:114,40
DA:117,0
DA:127,40
DA:129,40
DA:130,116
DA:131,0
DA:133,116
DA:136,40
DA:137,0
DA:138,0
DA:144,40
DA:145,40
DA:156,2
DA:157,2
DA:159,2
DA:210,8
DA:244,58
DA:245,58
DA:247,58
DA:320,20
DA:321,20
DA:323,19
DA:326,38
DA:349,42
DA:350,42
DA:351,42
DA:352,42
DA:354,42
DA:355,42
DA:356,42
DA:357,42
DA:358,42
DA:361,42
DA:362,42
DA:367,42
DA:368,2
DA:372,40
DA:373,20
DA:374,20
DA:375,20
DA:378,40
DA:379,40
DA:380,40
DA:381,40
DA:383,40
DA:384,0
DA:385,0
DA:393,40
DA:394,0
DA:395,0
DA:396,0
DA:405,40
DA:406,0
DA:409,40
DA:435,0
DA:436,0
DA:438,0
DA:468,0
DA:469,0
DA:470,0
DA:472,0
DA:476,0
DA:507,0
DA:513,0
DA:579,0
DA:602,0
DA:622,116
DA:625,0
DA:643,1
DA:644,0
LF:98
LH:68
BRDA:12,0,0,0
BRDA:12,0,1,20
BRDA:14,1,0,0
BRDA:14,1,1,20
BRDA:16,2,0,1
BRDA:16,2,1,19
BRDA:17,3,0,0
BRDA:17,3,1,19
BRDA:23,4,0,0
BRDA:23,4,1,19
BRDA:24,5,0,1
BRDA:24,5,1,18
BRDA:79,6,0,0
BRDA:79,6,1,60
BRDA:80,7,0,60
BRDA:80,7,1,0
BRDA:91,8,0,0
BRDA:91,8,1,40
BRDA:91,9,0,0
BRDA:91,9,1,0
BRDA:95,10,0,0
BRDA:95,10,1,116
BRDA:95,11,0,116
BRDA:95,11,1,116
BRDA:95,11,2,0
BRDA:101,12,0,0
BRDA:101,12,1,40
BRDA:101,13,0,40
BRDA:101,13,1,0
BRDA:107,14,0,0
BRDA:107,14,1,40
BRDA:113,15,0,40
BRDA:113,15,1,0
BRDA:117,16,0,0
BRDA:117,16,1,0
BRDA:127,17,0,0
BRDA:127,17,1,40
BRDA:130,18,0,0
BRDA:130,18,1,116
BRDA:130,19,0,116
BRDA:130,19,1,116
BRDA:130,19,2,0
BRDA:136,20,0,0
BRDA:136,20,1,40
BRDA:136,21,0,40
BRDA:136,21,1,0
BRDA:237,22,0,0
BRDA:244,23,0,58
BRDA:244,23,1,19
BRDA:259,24,0,19
BRDA:259,24,1,39
BRDA:261,25,0,58
BRDA:261,25,1,19
BRDA:271,26,0,58
BRDA:271,26,1,0
BRDA:276,27,0,58
BRDA:276,27,1,39
BRDA:297,28,0,58
BRDA:297,28,1,19
BRDA:306,29,0,58
BRDA:306,29,1,0
BRDA:306,29,2,0
BRDA:321,30,0,1
BRDA:321,30,1,19
BRDA:346,31,0,38
BRDA:347,32,0,40
BRDA:367,33,0,2
BRDA:367,33,1,40
BRDA:367,34,0,42
BRDA:367,34,1,41
BRDA:372,35,0,20
BRDA:372,35,1,20
BRDA:372,36,0,40
BRDA:372,36,1,20
BRDA:394,37,0,0
BRDA:394,37,1,0
BRDA:435,38,0,0
BRDA:435,38,1,0
BRDA:470,39,0,0
BRDA:470,39,1,0
BRDA:473,40,0,0
BRDA:473,40,1,0
BRDA:483,41,0,0
BRDA:483,41,1,40
BRDA:491,42,0,0
BRDA:491,42,1,40
BRDA:492,43,0,0
BRDA:492,43,1,40
BRDA:498,44,0,0
BRDA:498,44,1,40
BRDA:501,45,0,19
BRDA:501,45,1,21
BRDA:511,46,0,0
BRDA:511,46,1,0
BRDA:519,47,0,40
BRDA:519,47,1,40
BRDA:521,48,0,0
BRDA:521,48,1,40
BRDA:526,49,0,0
BRDA:526,49,1,40
BRDA:526,50,0,40
BRDA:526,50,1,40
BRDA:531,51,0,0
BRDA:531,51,1,40
BRDA:532,52,0,0
BRDA:532,52,1,40
BRDA:538,53,0,0
BRDA:538,53,1,40
BRDA:552,54,0,40
BRDA:552,54,1,2
BRDA:552,54,2,38
BRDA:565,55,0,38
BRDA:565,55,1,2
BRDA:579,56,0,0
BRDA:579,56,1,0
BRDA:593,57,0,38
BRDA:593,57,1,2
BRDA:598,58,0,0
BRDA:598,58,1,38
BRDA:604,59,0,0
BRDA:604,59,1,38
BRDA:634,60,0,40
BRDA:634,60,1,2
BRF:123
BRH:74
end_of_record
TN:
SF:components/GenreChips.tsx
FN:17,GenreChips
FN:25,(anonymous_1)
FN:31,(anonymous_2)
FNF:3
FNH:3
FNDA:3,GenreChips
FNDA:18,(anonymous_1)
FNDA:2,(anonymous_2)
DA:3,1
DA:18,3
DA:26,18
DA:28,18
DA:31,2
LF:5
LH:5
BRDA:33,0,0,3
BRDA:33,0,1,15
BRDA:38,1,0,3
BRDA:38,1,1,15
BRF:4
BRH:4
end_of_record
TN:
SF:components/SkeletonBox.tsx
FN:23,SkeletonBox
FN:31,(anonymous_1)
FN:42,(anonymous_2)
FNF:3
FNH:2
FNDA:3,SkeletonBox
FNDA:3,(anonymous_1)
FNDA:0,(anonymous_2)
DA:12,1
DA:13,1
DA:14,1
DA:29,3
DA:31,3
DA:32,3
DA:42,3
DA:43,0
DA:45,0
DA:51,3
LF:10
LH:8
BRDA:26,0,0,2
BRF:1
BRH:1
end_of_record
TN:
SF:components/StarRating.tsx
FN:14,getStarStates
FN:17,(anonymous_1)
FN:24,FilledStar
FN:28,EmptyStar
FN:32,HalfStar
FN:47,StarRating
FN:54,(anonymous_6)
FNF:7
FNH:7
FNDA:5,getStarStates
FNDA:25,(anonymous_1)
FNDA:17,FilledStar
FNDA:9,EmptyStar
FNDA:1,HalfStar
FNDA:5,StarRating
FNDA:25,(anonymous_6)
DA:4,1
DA:5,1
DA:6,1
DA:15,5
DA:17,5
DA:18,25
DA:19,9
DA:20,8
DA:25,17
DA:29,9
DA:33,1
DA:48,5
DA:49,5
DA:51,5
DA:55,25
DA:56,25
DA:57,9
DA:58,8
LF:18
LH:18
BRDA:18,0,0,16
BRDA:18,0,1,9
BRDA:19,1,0,1
BRDA:19,1,1,8
BRDA:47,2,0,5
BRDA:56,3,0,16
BRDA:56,3,1,9
BRDA:57,4,0,1
BRDA:57,4,1,8
BRDA:66,5,0,5
BRDA:66,5,1,1
BRF:11
BRH:11
end_of_record
TN:
SF:components/WatchlistCard.tsx
FN:14,WatchlistCard
FN:37,(anonymous_1)
FNF:2
FNH:2
FNDA:9,WatchlistCard
FNDA:1,(anonymous_1)
DA:15,9
DA:38,1
DA:39,1
LF:3
LH:3
BRDA:16,0,0,1
BRDA:16,0,1,8
BRDA:28,1,0,9
BRDA:28,1,1,1
BRF:4
BRH:4
end_of_record
TN:
SF:hooks/usePlaybackRequest.ts
FN:11,usePlaybackRequest
FN:15,requestPlayback
FNF:2
FNH:2
FNDA:7,usePlaybackRequest
FNDA:7,requestPlayback
DA:12,7
DA:13,7
DA:15,7
DA:20,7
DA:21,7
DA:22,7
DA:25,7
DA:26,2
DA:27,1
DA:29,1
DA:31,2
DA:34,5
DA:35,1
DA:36,1
DA:39,4
LF:15
LH:15
BRDA:25,0,0,2
BRDA:25,0,1,5
BRDA:25,1,0,7
BRDA:25,1,1,3
BRDA:26,2,0,1
BRDA:26,2,1,1
BRDA:34,3,0,1
BRDA:34,3,1,4
BRF:8
BRH:8
end_of_record
TN:
SF:lib/auth-invalid.js
FN:7,onAuthInvalid
FN:9,(anonymous_1)
FN:14,triggerAuthInvalid
FNF:3
FNH:3
FNDA:8,onAuthInvalid
FNDA:2,(anonymous_1)
FNDA:10,triggerAuthInvalid
DA:5,8
DA:8,8
DA:9,8
DA:10,2
DA:15,10
DA:16,7
LF:6
LH:6
BRDA:15,0,0,7
BRDA:15,0,1,3
BRF:2
BRH:2
end_of_record
TN:
SF:lib/auth-storage.js
FN:10,getApiKey
FN:24,getUserToken
FN:43,setUserToken
FN:73,getAuthToken
FN:85,setAuthToken
FNF:5
FNH:4
FNDA:8,getApiKey
FNDA:4,getUserToken
FNDA:4,setUserToken
FNDA:3,getAuthToken
FNDA:0,setAuthToken
DA:3,1
DA:11,8
DA:12,3
DA:15,5
DA:16,5
DA:17,4
DA:25,4
DA:26,4
DA:27,4
DA:28,4
DA:29,4
DA:32,0
DA:33,0
DA:34,0
DA:36,0
DA:44,4
DA:45,4
DA:46,4
DA:47,4
DA:48,2
DA:50,2
DA:52,4
DA:55,0
DA:56,0
DA:57,0
DA:58,0
DA:60,0
DA:75,3
DA:76,3
DA:78,2
DA:79,2
DA:86,0
LF:32
LH:22
BRDA:11,0,0,3
BRDA:11,0,1,5
BRDA:11,1,0,8
BRDA:11,1,1,8
BRDA:15,2,0,5
BRDA:15,2,1,5
BRDA:16,3,0,1
BRDA:16,3,1,4
BRDA:25,4,0,4
BRDA:25,4,1,0
BRDA:28,5,0,2
BRDA:28,5,1,2
BRDA:44,6,0,2
BRDA:44,6,1,2
BRDA:45,7,0,4
BRDA:45,7,1,0
BRDA:47,8,0,2
BRDA:47,8,1,2
BRDA:57,9,0,0
BRDA:57,9,1,0
BRDA:76,10,0,1
BRDA:76,10,1,2
BRF:22
BRH:18
end_of_record
TN:
SF:lib/date-utils.ts
FN:7,isRecent
FNF:1
FNH:1
FNDA:10,isRecent
DA:8,10
DA:10,8
DA:11,8
DA:12,8
DA:13,8
DA:14,8
DA:16,8
DA:18,0
DA:19,0
LF:9
LH:7
BRDA:7,0,0,8
BRDA:8,1,0,2
BRDA:8,1,1,8
BRDA:16,2,0,8
BRDA:16,2,1,6
BRF:5
BRH:5
end_of_record
